2021-12-05 00:26:59.551 [HikariPool-1 housekeeper] WARN  com.zaxxer.hikari.pool.HikariPool - HikariPool-1 - Thread starvation or clock leap detected (housekeeper delta=21m7s470ms848µs).
2021-12-05 01:23:22.572 [http-nio-8001-exec-3] WARN  com.zaxxer.hikari.pool.PoolBase - HikariPool-1 - Failed to validate connection com.mysql.cj.jdbc.ConnectionImpl@1a6adffd (No operations allowed after connection closed.). Possibly consider using a shorter maxLifetime value.
2021-12-05 01:23:22.995 [http-nio-8001-exec-13] WARN  com.zaxxer.hikari.pool.PoolBase - HikariPool-1 - Failed to validate connection com.mysql.cj.jdbc.ConnectionImpl@40465e34 (No operations allowed after connection closed.). Possibly consider using a shorter maxLifetime value.
2021-12-05 01:23:27.580 [http-nio-8001-exec-3] WARN  com.zaxxer.hikari.pool.PoolBase - HikariPool-1 - Failed to validate connection com.mysql.cj.jdbc.ConnectionImpl@12fff7b8 (No operations allowed after connection closed.). Possibly consider using a shorter maxLifetime value.
2021-12-05 01:23:28.004 [http-nio-8001-exec-13] WARN  com.zaxxer.hikari.pool.PoolBase - HikariPool-1 - Failed to validate connection com.mysql.cj.jdbc.ConnectionImpl@34176c1e (No operations allowed after connection closed.). Possibly consider using a shorter maxLifetime value.
2021-12-05 01:23:28.285 [http-nio-8001-exec-9] WARN  com.zaxxer.hikari.pool.PoolBase - HikariPool-1 - Failed to validate connection com.mysql.cj.jdbc.ConnectionImpl@3c85d3c3 (No operations allowed after connection closed.). Possibly consider using a shorter maxLifetime value.
2021-12-05 01:23:28.300 [http-nio-8001-exec-15] WARN  com.zaxxer.hikari.pool.PoolBase - HikariPool-1 - Failed to validate connection com.mysql.cj.jdbc.ConnectionImpl@cb44aa6 (No operations allowed after connection closed.). Possibly consider using a shorter maxLifetime value.
2021-12-05 01:23:29.432 [http-nio-8001-exec-18] WARN  com.zaxxer.hikari.pool.PoolBase - HikariPool-1 - Failed to validate connection com.mysql.cj.jdbc.ConnectionImpl@75d3c395 (No operations allowed after connection closed.). Possibly consider using a shorter maxLifetime value.
2021-12-05 01:23:32.223 [http-nio-8001-exec-14] WARN  com.zaxxer.hikari.pool.PoolBase - HikariPool-1 - Failed to validate connection com.mysql.cj.jdbc.ConnectionImpl@def4d34 (No operations allowed after connection closed.). Possibly consider using a shorter maxLifetime value.
2021-12-05 01:23:32.598 [http-nio-8001-exec-3] WARN  com.zaxxer.hikari.pool.PoolBase - HikariPool-1 - Failed to validate connection com.mysql.cj.jdbc.ConnectionImpl@38775beb (No operations allowed after connection closed.). Possibly consider using a shorter maxLifetime value.
2021-12-05 01:23:32.740 [http-nio-8001-exec-16] WARN  com.zaxxer.hikari.pool.PoolBase - HikariPool-1 - Failed to validate connection com.mysql.cj.jdbc.ConnectionImpl@50b1dd8a (No operations allowed after connection closed.). Possibly consider using a shorter maxLifetime value.
2021-12-05 02:44:57.253 [http-nio-8001-exec-16] WARN  com.zaxxer.hikari.pool.PoolBase - HikariPool-1 - Failed to validate connection com.mysql.cj.jdbc.ConnectionImpl@36616bf2 (No operations allowed after connection closed.). Possibly consider using a shorter maxLifetime value.
2021-12-05 02:45:02.271 [http-nio-8001-exec-16] WARN  com.zaxxer.hikari.pool.PoolBase - HikariPool-1 - Failed to validate connection com.mysql.cj.jdbc.ConnectionImpl@69785995 (No operations allowed after connection closed.). Possibly consider using a shorter maxLifetime value.
2021-12-05 02:45:07.287 [http-nio-8001-exec-16] WARN  com.zaxxer.hikari.pool.PoolBase - HikariPool-1 - Failed to validate connection com.mysql.cj.jdbc.ConnectionImpl@63f9803e (No operations allowed after connection closed.). Possibly consider using a shorter maxLifetime value.
2021-12-05 02:45:12.302 [http-nio-8001-exec-16] WARN  com.zaxxer.hikari.pool.PoolBase - HikariPool-1 - Failed to validate connection com.mysql.cj.jdbc.ConnectionImpl@4696053d (No operations allowed after connection closed.). Possibly consider using a shorter maxLifetime value.
2021-12-05 02:45:17.307 [http-nio-8001-exec-16] WARN  com.zaxxer.hikari.pool.PoolBase - HikariPool-1 - Failed to validate connection com.mysql.cj.jdbc.ConnectionImpl@65409f05 (No operations allowed after connection closed.). Possibly consider using a shorter maxLifetime value.
2021-12-05 02:45:22.320 [http-nio-8001-exec-16] WARN  com.zaxxer.hikari.pool.PoolBase - HikariPool-1 - Failed to validate connection com.mysql.cj.jdbc.ConnectionImpl@465d851e (No operations allowed after connection closed.). Possibly consider using a shorter maxLifetime value.
2021-12-05 02:45:22.395 [http-nio-8001-exec-2] WARN  com.zaxxer.hikari.pool.PoolBase - HikariPool-1 - Failed to validate connection com.mysql.cj.jdbc.ConnectionImpl@400cd97f (No operations allowed after connection closed.). Possibly consider using a shorter maxLifetime value.
2021-12-05 02:45:27.403 [http-nio-8001-exec-2] WARN  com.zaxxer.hikari.pool.PoolBase - HikariPool-1 - Failed to validate connection com.mysql.cj.jdbc.ConnectionImpl@5292ce11 (No operations allowed after connection closed.). Possibly consider using a shorter maxLifetime value.
2021-12-05 02:45:32.413 [http-nio-8001-exec-2] WARN  com.zaxxer.hikari.pool.PoolBase - HikariPool-1 - Failed to validate connection com.mysql.cj.jdbc.ConnectionImpl@161a30ff (No operations allowed after connection closed.). Possibly consider using a shorter maxLifetime value.
2021-12-05 02:45:37.421 [http-nio-8001-exec-2] WARN  com.zaxxer.hikari.pool.PoolBase - HikariPool-1 - Failed to validate connection com.mysql.cj.jdbc.ConnectionImpl@745d762a (No operations allowed after connection closed.). Possibly consider using a shorter maxLifetime value.
2021-12-05 02:53:27.690 [http-nio-8001-exec-18] WARN  com.zaxxer.hikari.pool.PoolBase - HikariPool-1 - Failed to validate connection com.mysql.cj.jdbc.ConnectionImpl@2e9d235a (No operations allowed after connection closed.). Possibly consider using a shorter maxLifetime value.
2021-12-05 02:53:32.713 [http-nio-8001-exec-18] WARN  com.zaxxer.hikari.pool.PoolBase - HikariPool-1 - Failed to validate connection com.mysql.cj.jdbc.ConnectionImpl@53f3a188 (No operations allowed after connection closed.). Possibly consider using a shorter maxLifetime value.
2021-12-05 02:53:37.734 [http-nio-8001-exec-18] WARN  com.zaxxer.hikari.pool.PoolBase - HikariPool-1 - Failed to validate connection com.mysql.cj.jdbc.ConnectionImpl@1d0c267d (No operations allowed after connection closed.). Possibly consider using a shorter maxLifetime value.
2021-12-05 02:53:42.747 [http-nio-8001-exec-18] WARN  com.zaxxer.hikari.pool.PoolBase - HikariPool-1 - Failed to validate connection com.mysql.cj.jdbc.ConnectionImpl@46da7942 (No operations allowed after connection closed.). Possibly consider using a shorter maxLifetime value.
2021-12-05 02:53:47.751 [http-nio-8001-exec-18] WARN  com.zaxxer.hikari.pool.PoolBase - HikariPool-1 - Failed to validate connection com.mysql.cj.jdbc.ConnectionImpl@3215d8a (No operations allowed after connection closed.). Possibly consider using a shorter maxLifetime value.
2021-12-05 02:53:52.771 [http-nio-8001-exec-18] WARN  com.zaxxer.hikari.pool.PoolBase - HikariPool-1 - Failed to validate connection com.mysql.cj.jdbc.ConnectionImpl@45ad22b0 (No operations allowed after connection closed.). Possibly consider using a shorter maxLifetime value.
2021-12-05 02:53:56.558 [http-nio-8001-exec-15] WARN  com.zaxxer.hikari.pool.PoolBase - HikariPool-1 - Failed to validate connection com.mysql.cj.jdbc.ConnectionImpl@686a65a9 (No operations allowed after connection closed.). Possibly consider using a shorter maxLifetime value.
2021-12-05 02:54:01.574 [http-nio-8001-exec-15] WARN  com.zaxxer.hikari.pool.PoolBase - HikariPool-1 - Failed to validate connection com.mysql.cj.jdbc.ConnectionImpl@2fd92784 (No operations allowed after connection closed.). Possibly consider using a shorter maxLifetime value.
2021-12-05 02:54:06.593 [http-nio-8001-exec-15] WARN  com.zaxxer.hikari.pool.PoolBase - HikariPool-1 - Failed to validate connection com.mysql.cj.jdbc.ConnectionImpl@2804c7c (No operations allowed after connection closed.). Possibly consider using a shorter maxLifetime value.
2021-12-05 02:54:11.597 [http-nio-8001-exec-15] WARN  com.zaxxer.hikari.pool.PoolBase - HikariPool-1 - Failed to validate connection com.mysql.cj.jdbc.ConnectionImpl@5f7fc314 (No operations allowed after connection closed.). Possibly consider using a shorter maxLifetime value.
2021-12-05 17:08:30.763 [main] WARN  com.netflix.config.sources.URLConfigurationSource - No URLs will be polled as dynamic configuration sources.
2021-12-05 17:08:30.779 [main] WARN  com.netflix.config.sources.URLConfigurationSource - No URLs will be polled as dynamic configuration sources.
2021-12-05 19:01:42.183 [http-nio-8001-exec-9] WARN  com.zaxxer.hikari.pool.PoolBase - HikariPool-1 - Failed to validate connection com.mysql.cj.jdbc.ConnectionImpl@716caca (No operations allowed after connection closed.). Possibly consider using a shorter maxLifetime value.
2021-12-05 19:01:44.184 [http-nio-8001-exec-1] WARN  com.zaxxer.hikari.pool.PoolBase - HikariPool-1 - Failed to validate connection com.mysql.cj.jdbc.ConnectionImpl@134d3e5d (No operations allowed after connection closed.). Possibly consider using a shorter maxLifetime value.
2021-12-05 19:01:44.184 [http-nio-8001-exec-7] WARN  com.zaxxer.hikari.pool.PoolBase - HikariPool-1 - Failed to validate connection com.mysql.cj.jdbc.ConnectionImpl@4743cbdd (No operations allowed after connection closed.). Possibly consider using a shorter maxLifetime value.
2021-12-05 19:01:45.955 [http-nio-8001-exec-2] WARN  com.zaxxer.hikari.pool.PoolBase - HikariPool-1 - Failed to validate connection com.mysql.cj.jdbc.ConnectionImpl@11c4a77e (No operations allowed after connection closed.). Possibly consider using a shorter maxLifetime value.
2021-12-05 19:01:47.190 [http-nio-8001-exec-9] WARN  com.zaxxer.hikari.pool.PoolBase - HikariPool-1 - Failed to validate connection com.mysql.cj.jdbc.ConnectionImpl@5b7c8f3 (No operations allowed after connection closed.). Possibly consider using a shorter maxLifetime value.
2021-12-05 19:01:49.199 [http-nio-8001-exec-7] WARN  com.zaxxer.hikari.pool.PoolBase - HikariPool-1 - Failed to validate connection com.mysql.cj.jdbc.ConnectionImpl@1d4c2b1b (No operations allowed after connection closed.). Possibly consider using a shorter maxLifetime value.
2021-12-05 19:01:49.199 [http-nio-8001-exec-1] WARN  com.zaxxer.hikari.pool.PoolBase - HikariPool-1 - Failed to validate connection com.mysql.cj.jdbc.ConnectionImpl@482003cf (No operations allowed after connection closed.). Possibly consider using a shorter maxLifetime value.
2021-12-05 19:01:50.965 [http-nio-8001-exec-2] WARN  com.zaxxer.hikari.pool.PoolBase - HikariPool-1 - Failed to validate connection com.mysql.cj.jdbc.ConnectionImpl@703722cc (No operations allowed after connection closed.). Possibly consider using a shorter maxLifetime value.
2021-12-05 19:01:52.204 [http-nio-8001-exec-9] WARN  com.zaxxer.hikari.pool.PoolBase - HikariPool-1 - Failed to validate connection com.mysql.cj.jdbc.ConnectionImpl@24e061d7 (No operations allowed after connection closed.). Possibly consider using a shorter maxLifetime value.
2021-12-05 19:01:54.208 [http-nio-8001-exec-7] WARN  com.zaxxer.hikari.pool.PoolBase - HikariPool-1 - Failed to validate connection com.mysql.cj.jdbc.ConnectionImpl@16504247 (No operations allowed after connection closed.). Possibly consider using a shorter maxLifetime value.
2021-12-05 19:14:12.436 [http-nio-8001-exec-2] WARN  com.zaxxer.hikari.pool.PoolBase - HikariPool-1 - Failed to validate connection com.mysql.cj.jdbc.ConnectionImpl@3069eea (No operations allowed after connection closed.). Possibly consider using a shorter maxLifetime value.
2021-12-05 19:14:15.864 [http-nio-8001-exec-9] WARN  com.zaxxer.hikari.pool.PoolBase - HikariPool-1 - Failed to validate connection com.mysql.cj.jdbc.ConnectionImpl@602a8958 (No operations allowed after connection closed.). Possibly consider using a shorter maxLifetime value.
2021-12-05 19:14:17.445 [http-nio-8001-exec-2] WARN  com.zaxxer.hikari.pool.PoolBase - HikariPool-1 - Failed to validate connection com.mysql.cj.jdbc.ConnectionImpl@5965d820 (No operations allowed after connection closed.). Possibly consider using a shorter maxLifetime value.
2021-12-05 19:14:18.736 [http-nio-8001-exec-7] WARN  com.zaxxer.hikari.pool.PoolBase - HikariPool-1 - Failed to validate connection com.mysql.cj.jdbc.ConnectionImpl@121eb8b6 (No operations allowed after connection closed.). Possibly consider using a shorter maxLifetime value.
2021-12-05 19:14:20.877 [http-nio-8001-exec-9] WARN  com.zaxxer.hikari.pool.PoolBase - HikariPool-1 - Failed to validate connection com.mysql.cj.jdbc.ConnectionImpl@1e15caac (No operations allowed after connection closed.). Possibly consider using a shorter maxLifetime value.
2021-12-05 19:14:22.459 [http-nio-8001-exec-2] WARN  com.zaxxer.hikari.pool.PoolBase - HikariPool-1 - Failed to validate connection com.mysql.cj.jdbc.ConnectionImpl@372b2c0e (No operations allowed after connection closed.). Possibly consider using a shorter maxLifetime value.
2021-12-05 19:14:23.746 [http-nio-8001-exec-7] WARN  com.zaxxer.hikari.pool.PoolBase - HikariPool-1 - Failed to validate connection com.mysql.cj.jdbc.ConnectionImpl@13686fbb (No operations allowed after connection closed.). Possibly consider using a shorter maxLifetime value.
2021-12-05 19:14:25.889 [http-nio-8001-exec-9] WARN  com.zaxxer.hikari.pool.PoolBase - HikariPool-1 - Failed to validate connection com.mysql.cj.jdbc.ConnectionImpl@32799da2 (No operations allowed after connection closed.). Possibly consider using a shorter maxLifetime value.
2021-12-05 19:14:27.475 [http-nio-8001-exec-2] WARN  com.zaxxer.hikari.pool.PoolBase - HikariPool-1 - Failed to validate connection com.mysql.cj.jdbc.ConnectionImpl@490d5398 (No operations allowed after connection closed.). Possibly consider using a shorter maxLifetime value.
2021-12-05 19:14:28.748 [http-nio-8001-exec-7] WARN  com.zaxxer.hikari.pool.PoolBase - HikariPool-1 - Failed to validate connection com.mysql.cj.jdbc.ConnectionImpl@6a760220 (No operations allowed after connection closed.). Possibly consider using a shorter maxLifetime value.
2021-12-05 19:19:35.643 [http-nio-8001-exec-6] WARN  com.zaxxer.hikari.pool.PoolBase - HikariPool-1 - Failed to validate connection com.mysql.cj.jdbc.ConnectionImpl@5c47afb9 (No operations allowed after connection closed.). Possibly consider using a shorter maxLifetime value.
2021-12-05 19:19:37.280 [http-nio-8001-exec-1] WARN  com.zaxxer.hikari.pool.PoolBase - HikariPool-1 - Failed to validate connection com.mysql.cj.jdbc.ConnectionImpl@299f1093 (No operations allowed after connection closed.). Possibly consider using a shorter maxLifetime value.
2021-12-05 19:19:39.230 [http-nio-8001-exec-3] WARN  com.zaxxer.hikari.pool.PoolBase - HikariPool-1 - Failed to validate connection com.mysql.cj.jdbc.ConnectionImpl@7d38decb (No operations allowed after connection closed.). Possibly consider using a shorter maxLifetime value.
2021-12-05 19:19:40.655 [http-nio-8001-exec-6] WARN  com.zaxxer.hikari.pool.PoolBase - HikariPool-1 - Failed to validate connection com.mysql.cj.jdbc.ConnectionImpl@1b51fc54 (No operations allowed after connection closed.). Possibly consider using a shorter maxLifetime value.
2021-12-05 19:19:41.776 [http-nio-8001-exec-4] WARN  com.zaxxer.hikari.pool.PoolBase - HikariPool-1 - Failed to validate connection com.mysql.cj.jdbc.ConnectionImpl@dcddebb (No operations allowed after connection closed.). Possibly consider using a shorter maxLifetime value.
2021-12-05 19:19:42.295 [http-nio-8001-exec-1] WARN  com.zaxxer.hikari.pool.PoolBase - HikariPool-1 - Failed to validate connection com.mysql.cj.jdbc.ConnectionImpl@43626a9b (No operations allowed after connection closed.). Possibly consider using a shorter maxLifetime value.
2021-12-05 19:19:43.236 [http-nio-8001-exec-9] WARN  com.zaxxer.hikari.pool.PoolBase - HikariPool-1 - Failed to validate connection com.mysql.cj.jdbc.ConnectionImpl@67f7e20c (No operations allowed after connection closed.). Possibly consider using a shorter maxLifetime value.
2021-12-05 19:19:44.245 [http-nio-8001-exec-3] WARN  com.zaxxer.hikari.pool.PoolBase - HikariPool-1 - Failed to validate connection com.mysql.cj.jdbc.ConnectionImpl@5aa1db89 (No operations allowed after connection closed.). Possibly consider using a shorter maxLifetime value.
2021-12-05 19:19:44.828 [http-nio-8001-exec-2] WARN  com.zaxxer.hikari.pool.PoolBase - HikariPool-1 - Failed to validate connection com.mysql.cj.jdbc.ConnectionImpl@7853fb05 (No operations allowed after connection closed.). Possibly consider using a shorter maxLifetime value.
2021-12-05 19:19:45.672 [http-nio-8001-exec-6] WARN  com.zaxxer.hikari.pool.PoolBase - HikariPool-1 - Failed to validate connection com.mysql.cj.jdbc.ConnectionImpl@7abb9cc0 (No operations allowed after connection closed.). Possibly consider using a shorter maxLifetime value.
2021-12-05 19:24:46.632 [main] WARN  o.s.b.w.s.c.AnnotationConfigServletWebServerApplicationContext - Exception encountered during context initialization - cancelling refresh attempt: org.springframework.beans.factory.BeanCreationException: Error creating bean with name 'chapterController': Injection of resource dependencies failed; nested exception is org.springframework.beans.factory.BeanCreationException: Error creating bean with name 'chapterServiceImpl': Injection of resource dependencies failed; nested exception is org.springframework.beans.factory.UnsatisfiedDependencyException: Error creating bean with name 'chapterMapper' defined in file [D:\qq\IDEA\IdeaProjects\graduation_project\great_course\service\service_edu\target\classes\com\graduate\edu\mapper\ChapterMapper.class]: Unsatisfied dependency expressed through bean property 'sqlSessionFactory'; nested exception is org.springframework.beans.factory.BeanCreationException: Error creating bean with name 'sqlSessionFactory' defined in class path resource [com/baomidou/mybatisplus/autoconfigure/MybatisPlusAutoConfiguration.class]: Bean instantiation via factory method failed; nested exception is org.springframework.beans.BeanInstantiationException: Failed to instantiate [org.apache.ibatis.session.SqlSessionFactory]: Factory method 'sqlSessionFactory' threw exception; nested exception is com.baomidou.mybatisplus.core.exceptions.MybatisPlusException: Error: GlobalConfigUtils setMetaData Fail !  Cause:java.sql.SQLNonTransientConnectionException: Data source rejected establishment of connection,  message from server: "Too many connections"
2021-12-05 19:26:05.943 [main] WARN  o.s.b.w.s.c.AnnotationConfigServletWebServerApplicationContext - Exception encountered during context initialization - cancelling refresh attempt: org.springframework.beans.factory.BeanCreationException: Error creating bean with name 'chapterController': Injection of resource dependencies failed; nested exception is org.springframework.beans.factory.BeanCreationException: Error creating bean with name 'chapterServiceImpl': Injection of resource dependencies failed; nested exception is org.springframework.beans.factory.UnsatisfiedDependencyException: Error creating bean with name 'chapterMapper' defined in file [D:\qq\IDEA\IdeaProjects\graduation_project\great_course\service\service_edu\target\classes\com\graduate\edu\mapper\ChapterMapper.class]: Unsatisfied dependency expressed through bean property 'sqlSessionFactory'; nested exception is org.springframework.beans.factory.BeanCreationException: Error creating bean with name 'sqlSessionFactory' defined in class path resource [com/baomidou/mybatisplus/autoconfigure/MybatisPlusAutoConfiguration.class]: Bean instantiation via factory method failed; nested exception is org.springframework.beans.BeanInstantiationException: Failed to instantiate [org.apache.ibatis.session.SqlSessionFactory]: Factory method 'sqlSessionFactory' threw exception; nested exception is com.baomidou.mybatisplus.core.exceptions.MybatisPlusException: Error: GlobalConfigUtils setMetaData Fail !  Cause:java.sql.SQLNonTransientConnectionException: Data source rejected establishment of connection,  message from server: "Too many connections"
2021-12-05 19:41:17.222 [main] WARN  com.netflix.config.sources.URLConfigurationSource - No URLs will be polled as dynamic configuration sources.
2021-12-05 19:41:17.227 [main] WARN  com.netflix.config.sources.URLConfigurationSource - No URLs will be polled as dynamic configuration sources.
2021-12-05 19:43:41.408 [main] WARN  com.netflix.config.sources.URLConfigurationSource - No URLs will be polled as dynamic configuration sources.
2021-12-05 19:43:41.412 [main] WARN  com.netflix.config.sources.URLConfigurationSource - No URLs will be polled as dynamic configuration sources.
2021-12-05 19:45:34.138 [main] WARN  com.netflix.config.sources.URLConfigurationSource - No URLs will be polled as dynamic configuration sources.
2021-12-05 19:45:34.143 [main] WARN  com.netflix.config.sources.URLConfigurationSource - No URLs will be polled as dynamic configuration sources.
2021-12-05 19:48:42.287 [main] WARN  com.netflix.config.sources.URLConfigurationSource - No URLs will be polled as dynamic configuration sources.
2021-12-05 19:48:42.291 [main] WARN  com.netflix.config.sources.URLConfigurationSource - No URLs will be polled as dynamic configuration sources.
2021-12-05 20:01:44.768 [http-nio-8001-exec-8] WARN  com.zaxxer.hikari.pool.PoolBase - HikariPool-1 - Failed to validate connection com.mysql.cj.jdbc.ConnectionImpl@40c01fe (No operations allowed after connection closed.). Possibly consider using a shorter maxLifetime value.
2021-12-05 20:01:44.768 [http-nio-8001-exec-6] WARN  com.zaxxer.hikari.pool.PoolBase - HikariPool-1 - Failed to validate connection com.mysql.cj.jdbc.ConnectionImpl@3d38da55 (No operations allowed after connection closed.). Possibly consider using a shorter maxLifetime value.
2021-12-05 20:01:44.871 [http-nio-8001-exec-7] WARN  com.zaxxer.hikari.pool.PoolBase - HikariPool-1 - Failed to validate connection com.mysql.cj.jdbc.ConnectionImpl@213e3a8d (No operations allowed after connection closed.). Possibly consider using a shorter maxLifetime value.
2021-12-05 20:01:46.276 [http-nio-8001-exec-4] WARN  com.zaxxer.hikari.pool.PoolBase - HikariPool-1 - Failed to validate connection com.mysql.cj.jdbc.ConnectionImpl@4e06f366 (No operations allowed after connection closed.). Possibly consider using a shorter maxLifetime value.
2021-12-05 20:01:47.163 [http-nio-8001-exec-10] WARN  com.zaxxer.hikari.pool.PoolBase - HikariPool-1 - Failed to validate connection com.mysql.cj.jdbc.ConnectionImpl@669b5766 (No operations allowed after connection closed.). Possibly consider using a shorter maxLifetime value.
2021-12-05 20:01:49.783 [http-nio-8001-exec-6] WARN  com.zaxxer.hikari.pool.PoolBase - HikariPool-1 - Failed to validate connection com.mysql.cj.jdbc.ConnectionImpl@1c84ecbe (No operations allowed after connection closed.). Possibly consider using a shorter maxLifetime value.
2021-12-05 20:01:49.783 [http-nio-8001-exec-8] WARN  com.zaxxer.hikari.pool.PoolBase - HikariPool-1 - Failed to validate connection com.mysql.cj.jdbc.ConnectionImpl@50526020 (No operations allowed after connection closed.). Possibly consider using a shorter maxLifetime value.
2021-12-05 20:01:49.875 [http-nio-8001-exec-7] WARN  com.zaxxer.hikari.pool.PoolBase - HikariPool-1 - Failed to validate connection com.mysql.cj.jdbc.ConnectionImpl@7b7b58b5 (No operations allowed after connection closed.). Possibly consider using a shorter maxLifetime value.
2021-12-05 20:01:51.289 [http-nio-8001-exec-4] WARN  com.zaxxer.hikari.pool.PoolBase - HikariPool-1 - Failed to validate connection com.mysql.cj.jdbc.ConnectionImpl@6fad91fb (No operations allowed after connection closed.). Possibly consider using a shorter maxLifetime value.
2021-12-05 20:01:52.180 [http-nio-8001-exec-10] WARN  com.zaxxer.hikari.pool.PoolBase - HikariPool-1 - Failed to validate connection com.mysql.cj.jdbc.ConnectionImpl@70ece14a (No operations allowed after connection closed.). Possibly consider using a shorter maxLifetime value.
