2021-11-23 00:29:32.356 [HikariPool-1 housekeeper] WARN  com.zaxxer.hikari.pool.HikariPool - HikariPool-1 - Thread starvation or clock leap detected (housekeeper delta=9m11s802ms778µs900ns).
2021-11-23 00:38:16.428 [http-nio-8001-exec-6] WARN  com.zaxxer.hikari.pool.PoolBase - HikariPool-1 - Failed to validate connection com.mysql.cj.jdbc.ConnectionImpl@745c6de4 (No operations allowed after connection closed.). Possibly consider using a shorter maxLifetime value.
2021-11-23 00:38:21.448 [http-nio-8001-exec-6] WARN  com.zaxxer.hikari.pool.PoolBase - HikariPool-1 - Failed to validate connection com.mysql.cj.jdbc.ConnectionImpl@108ed45 (No operations allowed after connection closed.). Possibly consider using a shorter maxLifetime value.
2021-11-23 00:38:26.452 [http-nio-8001-exec-6] WARN  com.zaxxer.hikari.pool.PoolBase - HikariPool-1 - Failed to validate connection com.mysql.cj.jdbc.ConnectionImpl@2e0b8c4a (No operations allowed after connection closed.). Possibly consider using a shorter maxLifetime value.
2021-11-23 00:38:31.454 [http-nio-8001-exec-6] WARN  com.zaxxer.hikari.pool.PoolBase - HikariPool-1 - Failed to validate connection com.mysql.cj.jdbc.ConnectionImpl@14b149c0 (No operations allowed after connection closed.). Possibly consider using a shorter maxLifetime value.
2021-11-23 00:38:36.456 [http-nio-8001-exec-6] WARN  com.zaxxer.hikari.pool.PoolBase - HikariPool-1 - Failed to validate connection com.mysql.cj.jdbc.ConnectionImpl@66711270 (No operations allowed after connection closed.). Possibly consider using a shorter maxLifetime value.
2021-11-23 00:38:41.460 [http-nio-8001-exec-6] WARN  com.zaxxer.hikari.pool.PoolBase - HikariPool-1 - Failed to validate connection com.mysql.cj.jdbc.ConnectionImpl@6922e853 (No operations allowed after connection closed.). Possibly consider using a shorter maxLifetime value.
2021-11-23 00:39:14.455 [http-nio-8001-exec-2] WARN  com.zaxxer.hikari.pool.PoolBase - HikariPool-1 - Failed to validate connection com.mysql.cj.jdbc.ConnectionImpl@17bf9a1a (No operations allowed after connection closed.). Possibly consider using a shorter maxLifetime value.
2021-11-23 00:41:14.743 [http-nio-8001-exec-6] WARN  com.zaxxer.hikari.pool.PoolBase - HikariPool-1 - Failed to validate connection com.mysql.cj.jdbc.ConnectionImpl@34581cba (No operations allowed after connection closed.). Possibly consider using a shorter maxLifetime value.
2021-11-23 00:42:57.692 [http-nio-8001-exec-3] WARN  com.zaxxer.hikari.pool.PoolBase - HikariPool-1 - Failed to validate connection com.mysql.cj.jdbc.ConnectionImpl@4ed21636 (No operations allowed after connection closed.). Possibly consider using a shorter maxLifetime value.
2021-11-23 00:56:06.625 [http-nio-8001-exec-1] WARN  com.zaxxer.hikari.pool.PoolBase - HikariPool-1 - Failed to validate connection com.mysql.cj.jdbc.ConnectionImpl@1dcfbcba (No operations allowed after connection closed.). Possibly consider using a shorter maxLifetime value.
2021-11-23 00:56:11.636 [http-nio-8001-exec-1] WARN  com.zaxxer.hikari.pool.PoolBase - HikariPool-1 - Failed to validate connection com.mysql.cj.jdbc.ConnectionImpl@4709f201 (No operations allowed after connection closed.). Possibly consider using a shorter maxLifetime value.
2021-11-23 00:56:16.642 [http-nio-8001-exec-1] WARN  com.zaxxer.hikari.pool.PoolBase - HikariPool-1 - Failed to validate connection com.mysql.cj.jdbc.ConnectionImpl@5f4d2967 (No operations allowed after connection closed.). Possibly consider using a shorter maxLifetime value.
2021-11-23 00:56:21.646 [http-nio-8001-exec-1] WARN  com.zaxxer.hikari.pool.PoolBase - HikariPool-1 - Failed to validate connection com.mysql.cj.jdbc.ConnectionImpl@3d733754 (No operations allowed after connection closed.). Possibly consider using a shorter maxLifetime value.
2021-11-23 00:56:26.343 [http-nio-8001-exec-4] WARN  com.zaxxer.hikari.pool.PoolBase - HikariPool-1 - Failed to validate connection com.mysql.cj.jdbc.ConnectionImpl@186a9ac3 (No operations allowed after connection closed.). Possibly consider using a shorter maxLifetime value.
2021-11-23 00:56:26.657 [http-nio-8001-exec-1] WARN  com.zaxxer.hikari.pool.PoolBase - HikariPool-1 - Failed to validate connection com.mysql.cj.jdbc.ConnectionImpl@26f71d40 (No operations allowed after connection closed.). Possibly consider using a shorter maxLifetime value.
2021-11-23 00:56:31.365 [http-nio-8001-exec-4] WARN  com.zaxxer.hikari.pool.PoolBase - HikariPool-1 - Failed to validate connection com.mysql.cj.jdbc.ConnectionImpl@75120647 (No operations allowed after connection closed.). Possibly consider using a shorter maxLifetime value.
2021-11-23 00:56:31.662 [http-nio-8001-exec-1] WARN  com.zaxxer.hikari.pool.PoolBase - HikariPool-1 - Failed to validate connection com.mysql.cj.jdbc.ConnectionImpl@65642ac0 (No operations allowed after connection closed.). Possibly consider using a shorter maxLifetime value.
2021-11-23 00:56:36.370 [http-nio-8001-exec-4] WARN  com.zaxxer.hikari.pool.PoolBase - HikariPool-1 - Failed to validate connection com.mysql.cj.jdbc.ConnectionImpl@56b1ad98 (No operations allowed after connection closed.). Possibly consider using a shorter maxLifetime value.
2021-11-23 00:56:41.372 [http-nio-8001-exec-4] WARN  com.zaxxer.hikari.pool.PoolBase - HikariPool-1 - Failed to validate connection com.mysql.cj.jdbc.ConnectionImpl@25758952 (No operations allowed after connection closed.). Possibly consider using a shorter maxLifetime value.
2021-11-23 01:04:39.186 [main] WARN  o.s.b.w.s.c.AnnotationConfigServletWebServerApplicationContext - Exception encountered during context initialization - cancelling refresh attempt: org.springframework.beans.factory.BeanCreationException: Error creating bean with name 'chapterController': Injection of resource dependencies failed; nested exception is org.springframework.beans.factory.BeanCreationException: Error creating bean with name 'chapterServiceImpl': Injection of resource dependencies failed; nested exception is org.springframework.beans.factory.UnsatisfiedDependencyException: Error creating bean with name 'chapterMapper' defined in file [D:\qq\IDEA\IdeaProjects\graduation_project\great_course\service\service_edu\target\classes\com\graduate\edu\mapper\ChapterMapper.class]: Unsatisfied dependency expressed through bean property 'sqlSessionFactory'; nested exception is org.springframework.beans.factory.BeanCreationException: Error creating bean with name 'sqlSessionFactory' defined in class path resource [com/baomidou/mybatisplus/autoconfigure/MybatisPlusAutoConfiguration.class]: Bean instantiation via factory method failed; nested exception is org.springframework.beans.BeanInstantiationException: Failed to instantiate [org.apache.ibatis.session.SqlSessionFactory]: Factory method 'sqlSessionFactory' threw exception; nested exception is com.baomidou.mybatisplus.core.exceptions.MybatisPlusException: Error: GlobalConfigUtils setMetaData Fail !  Cause:java.sql.SQLNonTransientConnectionException: Data source rejected establishment of connection,  message from server: "Too many connections"
2021-11-23 01:13:46.068 [main] WARN  com.netflix.config.sources.URLConfigurationSource - No URLs will be polled as dynamic configuration sources.
2021-11-23 01:13:46.074 [main] WARN  com.netflix.config.sources.URLConfigurationSource - No URLs will be polled as dynamic configuration sources.
2021-11-23 01:18:56.269 [http-nio-8001-exec-6] WARN  com.zaxxer.hikari.pool.PoolBase - HikariPool-1 - Failed to validate connection com.mysql.cj.jdbc.ConnectionImpl@159f7732 (No operations allowed after connection closed.). Possibly consider using a shorter maxLifetime value.
2021-11-23 01:18:56.820 [http-nio-8001-exec-8] WARN  com.zaxxer.hikari.pool.PoolBase - HikariPool-1 - Failed to validate connection com.mysql.cj.jdbc.ConnectionImpl@1640b0e9 (No operations allowed after connection closed.). Possibly consider using a shorter maxLifetime value.
2021-11-23 01:19:01.292 [http-nio-8001-exec-6] WARN  com.zaxxer.hikari.pool.PoolBase - HikariPool-1 - Failed to validate connection com.mysql.cj.jdbc.ConnectionImpl@239ef84b (No operations allowed after connection closed.). Possibly consider using a shorter maxLifetime value.
2021-11-23 01:23:07.213 [main] WARN  com.netflix.config.sources.URLConfigurationSource - No URLs will be polled as dynamic configuration sources.
2021-11-23 01:23:07.228 [main] WARN  com.netflix.config.sources.URLConfigurationSource - No URLs will be polled as dynamic configuration sources.
2021-11-23 01:57:21.374 [main] WARN  com.netflix.config.sources.URLConfigurationSource - No URLs will be polled as dynamic configuration sources.
2021-11-23 01:57:21.378 [main] WARN  com.netflix.config.sources.URLConfigurationSource - No URLs will be polled as dynamic configuration sources.
2021-11-23 02:08:55.119 [http-nio-8001-exec-3] WARN  com.zaxxer.hikari.pool.PoolBase - HikariPool-1 - Failed to validate connection com.mysql.cj.jdbc.ConnectionImpl@5a1c63b9 (No operations allowed after connection closed.). Possibly consider using a shorter maxLifetime value.
2021-11-23 02:08:55.856 [http-nio-8001-exec-6] WARN  com.zaxxer.hikari.pool.PoolBase - HikariPool-1 - Failed to validate connection com.mysql.cj.jdbc.ConnectionImpl@586bae4a (No operations allowed after connection closed.). Possibly consider using a shorter maxLifetime value.
2021-11-23 02:09:00.124 [http-nio-8001-exec-3] WARN  com.zaxxer.hikari.pool.PoolBase - HikariPool-1 - Failed to validate connection com.mysql.cj.jdbc.ConnectionImpl@601fc05b (No operations allowed after connection closed.). Possibly consider using a shorter maxLifetime value.
2021-11-23 02:09:00.870 [http-nio-8001-exec-6] WARN  com.zaxxer.hikari.pool.PoolBase - HikariPool-1 - Failed to validate connection com.mysql.cj.jdbc.ConnectionImpl@4c3831f1 (No operations allowed after connection closed.). Possibly consider using a shorter maxLifetime value.
2021-11-23 02:09:05.138 [http-nio-8001-exec-3] WARN  com.zaxxer.hikari.pool.PoolBase - HikariPool-1 - Failed to validate connection com.mysql.cj.jdbc.ConnectionImpl@319827ce (No operations allowed after connection closed.). Possibly consider using a shorter maxLifetime value.
2021-11-23 02:09:05.877 [http-nio-8001-exec-6] WARN  com.zaxxer.hikari.pool.PoolBase - HikariPool-1 - Failed to validate connection com.mysql.cj.jdbc.ConnectionImpl@35ec79a4 (No operations allowed after connection closed.). Possibly consider using a shorter maxLifetime value.
2021-11-23 02:09:10.148 [http-nio-8001-exec-3] WARN  com.zaxxer.hikari.pool.PoolBase - HikariPool-1 - Failed to validate connection com.mysql.cj.jdbc.ConnectionImpl@37701e31 (No operations allowed after connection closed.). Possibly consider using a shorter maxLifetime value.
2021-11-23 02:09:10.881 [http-nio-8001-exec-6] WARN  com.zaxxer.hikari.pool.PoolBase - HikariPool-1 - Failed to validate connection com.mysql.cj.jdbc.ConnectionImpl@6b31fb4d (No operations allowed after connection closed.). Possibly consider using a shorter maxLifetime value.
2021-11-23 02:09:15.150 [http-nio-8001-exec-3] WARN  com.zaxxer.hikari.pool.PoolBase - HikariPool-1 - Failed to validate connection com.mysql.cj.jdbc.ConnectionImpl@38122ad4 (No operations allowed after connection closed.). Possibly consider using a shorter maxLifetime value.
2021-11-23 02:15:33.469 [main] WARN  o.s.b.w.s.c.AnnotationConfigServletWebServerApplicationContext - Exception encountered during context initialization - cancelling refresh attempt: org.springframework.beans.factory.BeanCreationException: Error creating bean with name 'chapterController': Injection of resource dependencies failed; nested exception is org.springframework.beans.factory.BeanCreationException: Error creating bean with name 'chapterServiceImpl': Injection of resource dependencies failed; nested exception is org.springframework.beans.factory.UnsatisfiedDependencyException: Error creating bean with name 'chapterMapper' defined in file [D:\qq\IDEA\IdeaProjects\graduation_project\great_course\service\service_edu\target\classes\com\graduate\edu\mapper\ChapterMapper.class]: Unsatisfied dependency expressed through bean property 'sqlSessionFactory'; nested exception is org.springframework.beans.factory.BeanCreationException: Error creating bean with name 'sqlSessionFactory' defined in class path resource [com/baomidou/mybatisplus/autoconfigure/MybatisPlusAutoConfiguration.class]: Bean instantiation via factory method failed; nested exception is org.springframework.beans.BeanInstantiationException: Failed to instantiate [org.apache.ibatis.session.SqlSessionFactory]: Factory method 'sqlSessionFactory' threw exception; nested exception is com.baomidou.mybatisplus.core.exceptions.MybatisPlusException: Error: GlobalConfigUtils setMetaData Fail !  Cause:java.sql.SQLNonTransientConnectionException: Data source rejected establishment of connection,  message from server: "Too many connections"
2021-11-23 02:18:17.925 [main] WARN  com.netflix.config.sources.URLConfigurationSource - No URLs will be polled as dynamic configuration sources.
2021-11-23 02:18:17.931 [main] WARN  com.netflix.config.sources.URLConfigurationSource - No URLs will be polled as dynamic configuration sources.
2021-11-23 09:18:02.459 [main] WARN  com.netflix.config.sources.URLConfigurationSource - No URLs will be polled as dynamic configuration sources.
2021-11-23 09:18:02.465 [main] WARN  com.netflix.config.sources.URLConfigurationSource - No URLs will be polled as dynamic configuration sources.
2021-11-23 09:44:44.096 [main] WARN  com.netflix.config.sources.URLConfigurationSource - No URLs will be polled as dynamic configuration sources.
2021-11-23 09:44:44.101 [main] WARN  com.netflix.config.sources.URLConfigurationSource - No URLs will be polled as dynamic configuration sources.
2021-11-23 09:50:54.250 [main] WARN  com.netflix.config.sources.URLConfigurationSource - No URLs will be polled as dynamic configuration sources.
2021-11-23 09:50:54.254 [main] WARN  com.netflix.config.sources.URLConfigurationSource - No URLs will be polled as dynamic configuration sources.
2021-11-23 09:54:17.853 [main] WARN  com.netflix.config.sources.URLConfigurationSource - No URLs will be polled as dynamic configuration sources.
2021-11-23 09:54:17.858 [main] WARN  com.netflix.config.sources.URLConfigurationSource - No URLs will be polled as dynamic configuration sources.
2021-11-23 09:58:16.849 [main] WARN  com.netflix.config.sources.URLConfigurationSource - No URLs will be polled as dynamic configuration sources.
2021-11-23 09:58:16.855 [main] WARN  com.netflix.config.sources.URLConfigurationSource - No URLs will be polled as dynamic configuration sources.
2021-11-23 10:04:16.673 [main] WARN  com.netflix.config.sources.URLConfigurationSource - No URLs will be polled as dynamic configuration sources.
2021-11-23 10:04:16.678 [main] WARN  com.netflix.config.sources.URLConfigurationSource - No URLs will be polled as dynamic configuration sources.
2021-11-23 10:05:39.912 [HikariPool-1 housekeeper] WARN  com.zaxxer.hikari.pool.HikariPool - HikariPool-1 - Thread starvation or clock leap detected (housekeeper delta=54s281ms124µs800ns).
2021-11-23 10:08:22.272 [main] WARN  com.netflix.config.sources.URLConfigurationSource - No URLs will be polled as dynamic configuration sources.
2021-11-23 10:08:22.276 [main] WARN  com.netflix.config.sources.URLConfigurationSource - No URLs will be polled as dynamic configuration sources.
2021-11-23 20:16:16.536 [main] WARN  com.netflix.config.sources.URLConfigurationSource - No URLs will be polled as dynamic configuration sources.
2021-11-23 20:16:16.543 [main] WARN  com.netflix.config.sources.URLConfigurationSource - No URLs will be polled as dynamic configuration sources.
2021-11-23 21:01:57.252 [main] WARN  com.netflix.config.sources.URLConfigurationSource - No URLs will be polled as dynamic configuration sources.
2021-11-23 21:01:57.259 [main] WARN  com.netflix.config.sources.URLConfigurationSource - No URLs will be polled as dynamic configuration sources.
