2021-11-21 00:30:06.242 [main] WARN  com.netflix.config.sources.URLConfigurationSource - No URLs will be polled as dynamic configuration sources.
2021-11-21 00:30:06.286 [main] WARN  com.netflix.config.sources.URLConfigurationSource - No URLs will be polled as dynamic configuration sources.
2021-11-21 00:36:32.285 [http-nio-8001-exec-9] WARN  com.zaxxer.hikari.pool.PoolBase - HikariPool-1 - Failed to validate connection com.mysql.cj.jdbc.ConnectionImpl@4a50e97b (No operations allowed after connection closed.). Possibly consider using a shorter maxLifetime value.
2021-11-21 00:36:37.290 [http-nio-8001-exec-9] WARN  com.zaxxer.hikari.pool.PoolBase - HikariPool-1 - Failed to validate connection com.mysql.cj.jdbc.ConnectionImpl@4ec8e1c9 (No operations allowed after connection closed.). Possibly consider using a shorter maxLifetime value.
2021-11-21 00:36:42.300 [http-nio-8001-exec-9] WARN  com.zaxxer.hikari.pool.PoolBase - HikariPool-1 - Failed to validate connection com.mysql.cj.jdbc.ConnectionImpl@7a2eb77f (No operations allowed after connection closed.). Possibly consider using a shorter maxLifetime value.
2021-11-21 00:36:47.310 [http-nio-8001-exec-9] WARN  com.zaxxer.hikari.pool.PoolBase - HikariPool-1 - Failed to validate connection com.mysql.cj.jdbc.ConnectionImpl@42fe13f3 (No operations allowed after connection closed.). Possibly consider using a shorter maxLifetime value.
2021-11-21 00:36:52.317 [http-nio-8001-exec-9] WARN  com.zaxxer.hikari.pool.PoolBase - HikariPool-1 - Failed to validate connection com.mysql.cj.jdbc.ConnectionImpl@8edbaf9 (No operations allowed after connection closed.). Possibly consider using a shorter maxLifetime value.
2021-11-21 00:36:57.321 [http-nio-8001-exec-9] WARN  com.zaxxer.hikari.pool.PoolBase - HikariPool-1 - Failed to validate connection com.mysql.cj.jdbc.ConnectionImpl@c2db15b (No operations allowed after connection closed.). Possibly consider using a shorter maxLifetime value.
2021-11-21 00:40:35.351 [http-nio-8001-exec-10] WARN  com.zaxxer.hikari.pool.PoolBase - HikariPool-1 - Failed to validate connection com.mysql.cj.jdbc.ConnectionImpl@753557c2 (No operations allowed after connection closed.). Possibly consider using a shorter maxLifetime value.
2021-11-21 00:40:38.600 [http-nio-8001-exec-10] WARN  com.zaxxer.hikari.pool.PoolBase - HikariPool-1 - Failed to validate connection com.mysql.cj.jdbc.ConnectionImpl@26895518 (No operations allowed after connection closed.). Possibly consider using a shorter maxLifetime value.
2021-11-21 00:40:41.151 [http-nio-8001-exec-10] WARN  o.s.w.s.m.m.a.ExceptionHandlerExceptionResolver - Failure in @ExceptionHandler com.graduate.base.exception.GlobalExceptionHandler#error(Exception)
java.lang.NullPointerException: null
	at org.springframework.web.util.UrlPathHelper.removeJsessionid(UrlPathHelper.java:542)
	at org.springframework.web.util.UrlPathHelper.removeSemicolonContent(UrlPathHelper.java:527)
	at org.springframework.web.util.UrlPathHelper.decodeAndCleanUriString(UrlPathHelper.java:460)
	at org.springframework.web.util.UrlPathHelper.getOriginatingRequestUri(UrlPathHelper.java:407)
	at org.springframework.web.servlet.mvc.method.annotation.AbstractMessageConverterMethodProcessor.addContentDispositionHeader(AbstractMessageConverterMethodProcessor.java:437)
	at org.springframework.web.servlet.mvc.method.annotation.AbstractMessageConverterMethodProcessor.writeWithMessageConverters(AbstractMessageConverterMethodProcessor.java:293)
	at org.springframework.web.servlet.mvc.method.annotation.RequestResponseBodyMethodProcessor.handleReturnValue(RequestResponseBodyMethodProcessor.java:181)
	at org.springframework.web.method.support.HandlerMethodReturnValueHandlerComposite.handleReturnValue(HandlerMethodReturnValueHandlerComposite.java:82)
	at org.springframework.web.servlet.mvc.method.annotation.ServletInvocableHandlerMethod.invokeAndHandle(ServletInvocableHandlerMethod.java:124)
	at org.springframework.web.servlet.mvc.method.annotation.ExceptionHandlerExceptionResolver.doResolveHandlerMethodException(ExceptionHandlerExceptionResolver.java:403)
	at org.springframework.web.servlet.handler.AbstractHandlerMethodExceptionResolver.doResolveException(AbstractHandlerMethodExceptionResolver.java:61)
	at org.springframework.web.servlet.handler.AbstractHandlerExceptionResolver.resolveException(AbstractHandlerExceptionResolver.java:141)
	at org.springframework.web.servlet.handler.HandlerExceptionResolverComposite.resolveException(HandlerExceptionResolverComposite.java:80)
	at org.springframework.web.servlet.DispatcherServlet.processHandlerException(DispatcherServlet.java:1300)
	at org.springframework.web.servlet.DispatcherServlet.processDispatchResult(DispatcherServlet.java:1111)
	at org.springframework.web.servlet.DispatcherServlet.doDispatch(DispatcherServlet.java:1057)
	at org.springframework.web.servlet.DispatcherServlet.doService(DispatcherServlet.java:943)
	at org.springframework.web.servlet.FrameworkServlet.processRequest(FrameworkServlet.java:1006)
	at org.springframework.web.servlet.FrameworkServlet.doGet(FrameworkServlet.java:898)
	at javax.servlet.http.HttpServlet.service(HttpServlet.java:634)
	at org.springframework.web.servlet.FrameworkServlet.service(FrameworkServlet.java:883)
	at javax.servlet.http.HttpServlet.service(HttpServlet.java:741)
	at org.apache.catalina.core.ApplicationFilterChain.internalDoFilter(ApplicationFilterChain.java:231)
	at org.apache.catalina.core.ApplicationFilterChain.doFilter(ApplicationFilterChain.java:166)
	at org.apache.tomcat.websocket.server.WsFilter.doFilter(WsFilter.java:53)
	at org.apache.catalina.core.ApplicationFilterChain.internalDoFilter(ApplicationFilterChain.java:193)
	at org.apache.catalina.core.ApplicationFilterChain.doFilter(ApplicationFilterChain.java:166)
	at org.springframework.web.filter.RequestContextFilter.doFilterInternal(RequestContextFilter.java:100)
	at org.springframework.web.filter.OncePerRequestFilter.doFilter(OncePerRequestFilter.java:119)
	at org.apache.catalina.core.ApplicationFilterChain.internalDoFilter(ApplicationFilterChain.java:193)
	at org.apache.catalina.core.ApplicationFilterChain.doFilter(ApplicationFilterChain.java:166)
	at org.springframework.web.filter.FormContentFilter.doFilterInternal(FormContentFilter.java:93)
	at org.springframework.web.filter.OncePerRequestFilter.doFilter(OncePerRequestFilter.java:119)
	at org.apache.catalina.core.ApplicationFilterChain.internalDoFilter(ApplicationFilterChain.java:193)
	at org.apache.catalina.core.ApplicationFilterChain.doFilter(ApplicationFilterChain.java:166)
	at org.springframework.web.filter.CharacterEncodingFilter.doFilterInternal(CharacterEncodingFilter.java:201)
	at org.springframework.web.filter.OncePerRequestFilter.doFilter(OncePerRequestFilter.java:119)
	at org.apache.catalina.core.ApplicationFilterChain.internalDoFilter(ApplicationFilterChain.java:193)
	at org.apache.catalina.core.ApplicationFilterChain.doFilter(ApplicationFilterChain.java:166)
	at org.apache.catalina.core.StandardWrapperValve.invoke(StandardWrapperValve.java:202)
	at org.apache.catalina.core.StandardContextValve.invoke(StandardContextValve.java:96)
	at org.apache.catalina.authenticator.AuthenticatorBase.invoke(AuthenticatorBase.java:526)
	at org.apache.catalina.core.StandardHostValve.invoke(StandardHostValve.java:139)
	at org.apache.catalina.valves.ErrorReportValve.invoke(ErrorReportValve.java:92)
	at org.apache.catalina.core.StandardEngineValve.invoke(StandardEngineValve.java:74)
	at org.apache.catalina.connector.CoyoteAdapter.service(CoyoteAdapter.java:343)
	at org.apache.coyote.http11.Http11Processor.service(Http11Processor.java:408)
	at org.apache.coyote.AbstractProcessorLight.process(AbstractProcessorLight.java:66)
	at org.apache.coyote.AbstractProtocol$ConnectionHandler.process(AbstractProtocol.java:861)
	at org.apache.tomcat.util.net.NioEndpoint$SocketProcessor.doRun(NioEndpoint.java:1579)
	at org.apache.tomcat.util.net.SocketProcessorBase.run(SocketProcessorBase.java:49)
	at java.util.concurrent.ThreadPoolExecutor.runWorker(ThreadPoolExecutor.java:1149)
	at java.util.concurrent.ThreadPoolExecutor$Worker.run(ThreadPoolExecutor.java:624)
	at org.apache.tomcat.util.threads.TaskThread$WrappingRunnable.run(TaskThread.java:61)
	at java.lang.Thread.run(Thread.java:748)
2021-11-21 00:40:52.844 [main] WARN  com.netflix.config.sources.URLConfigurationSource - No URLs will be polled as dynamic configuration sources.
2021-11-21 00:40:52.850 [main] WARN  com.netflix.config.sources.URLConfigurationSource - No URLs will be polled as dynamic configuration sources.
2021-11-21 00:45:31.708 [http-nio-8001-exec-2] WARN  com.zaxxer.hikari.pool.PoolBase - HikariPool-1 - Failed to validate connection com.mysql.cj.jdbc.ConnectionImpl@76a684e4 (No operations allowed after connection closed.). Possibly consider using a shorter maxLifetime value.
2021-11-21 00:45:36.713 [http-nio-8001-exec-2] WARN  com.zaxxer.hikari.pool.PoolBase - HikariPool-1 - Failed to validate connection com.mysql.cj.jdbc.ConnectionImpl@1442fec7 (No operations allowed after connection closed.). Possibly consider using a shorter maxLifetime value.
2021-11-21 00:45:41.716 [http-nio-8001-exec-2] WARN  com.zaxxer.hikari.pool.PoolBase - HikariPool-1 - Failed to validate connection com.mysql.cj.jdbc.ConnectionImpl@6de704ec (No operations allowed after connection closed.). Possibly consider using a shorter maxLifetime value.
2021-11-21 00:45:46.719 [http-nio-8001-exec-2] WARN  com.zaxxer.hikari.pool.PoolBase - HikariPool-1 - Failed to validate connection com.mysql.cj.jdbc.ConnectionImpl@60d86031 (No operations allowed after connection closed.). Possibly consider using a shorter maxLifetime value.
2021-11-21 00:45:51.383 [http-nio-8001-exec-3] WARN  com.zaxxer.hikari.pool.PoolBase - HikariPool-1 - Failed to validate connection com.mysql.cj.jdbc.ConnectionImpl@5010c189 (No operations allowed after connection closed.). Possibly consider using a shorter maxLifetime value.
2021-11-21 00:45:51.723 [http-nio-8001-exec-2] WARN  com.zaxxer.hikari.pool.PoolBase - HikariPool-1 - Failed to validate connection com.mysql.cj.jdbc.ConnectionImpl@40535e69 (No operations allowed after connection closed.). Possibly consider using a shorter maxLifetime value.
2021-11-21 00:45:56.386 [http-nio-8001-exec-3] WARN  com.zaxxer.hikari.pool.PoolBase - HikariPool-1 - Failed to validate connection com.mysql.cj.jdbc.ConnectionImpl@151255ef (No operations allowed after connection closed.). Possibly consider using a shorter maxLifetime value.
2021-11-21 00:45:56.725 [http-nio-8001-exec-2] WARN  com.zaxxer.hikari.pool.PoolBase - HikariPool-1 - Failed to validate connection com.mysql.cj.jdbc.ConnectionImpl@5b552d58 (No operations allowed after connection closed.). Possibly consider using a shorter maxLifetime value.
2021-11-21 00:46:42.164 [main] WARN  com.netflix.config.sources.URLConfigurationSource - No URLs will be polled as dynamic configuration sources.
2021-11-21 00:46:42.169 [main] WARN  com.netflix.config.sources.URLConfigurationSource - No URLs will be polled as dynamic configuration sources.
2021-11-21 00:52:50.193 [http-nio-8001-exec-5] WARN  com.zaxxer.hikari.pool.PoolBase - HikariPool-1 - Failed to validate connection com.mysql.cj.jdbc.ConnectionImpl@4a5b98ce (No operations allowed after connection closed.). Possibly consider using a shorter maxLifetime value.
2021-11-21 00:59:20.055 [http-nio-8001-exec-6] WARN  com.zaxxer.hikari.pool.PoolBase - HikariPool-1 - Failed to validate connection com.mysql.cj.jdbc.ConnectionImpl@60088277 (No operations allowed after connection closed.). Possibly consider using a shorter maxLifetime value.
2021-11-21 00:59:22.105 [http-nio-8001-exec-10] WARN  com.zaxxer.hikari.pool.PoolBase - HikariPool-1 - Failed to validate connection com.mysql.cj.jdbc.ConnectionImpl@460c7a9 (No operations allowed after connection closed.). Possibly consider using a shorter maxLifetime value.
2021-11-21 00:59:22.137 [http-nio-8001-exec-1] WARN  com.zaxxer.hikari.pool.PoolBase - HikariPool-1 - Failed to validate connection com.mysql.cj.jdbc.ConnectionImpl@3927b9db (No operations allowed after connection closed.). Possibly consider using a shorter maxLifetime value.
2021-11-21 00:59:22.484 [http-nio-8001-exec-3] WARN  com.zaxxer.hikari.pool.PoolBase - HikariPool-1 - Failed to validate connection com.mysql.cj.jdbc.ConnectionImpl@6c7bee09 (No operations allowed after connection closed.). Possibly consider using a shorter maxLifetime value.
2021-11-21 00:59:22.798 [http-nio-8001-exec-4] WARN  com.zaxxer.hikari.pool.PoolBase - HikariPool-1 - Failed to validate connection com.mysql.cj.jdbc.ConnectionImpl@6a808939 (No operations allowed after connection closed.). Possibly consider using a shorter maxLifetime value.
2021-11-21 00:59:24.202 [http-nio-8001-exec-2] WARN  com.zaxxer.hikari.pool.PoolBase - HikariPool-1 - Failed to validate connection com.mysql.cj.jdbc.ConnectionImpl@40e2ad66 (No operations allowed after connection closed.). Possibly consider using a shorter maxLifetime value.
2021-11-21 00:59:24.202 [http-nio-8001-exec-9] WARN  com.zaxxer.hikari.pool.PoolBase - HikariPool-1 - Failed to validate connection com.mysql.cj.jdbc.ConnectionImpl@a3e78ab (No operations allowed after connection closed.). Possibly consider using a shorter maxLifetime value.
2021-11-21 00:59:24.742 [http-nio-8001-exec-7] WARN  com.zaxxer.hikari.pool.PoolBase - HikariPool-1 - Failed to validate connection com.mysql.cj.jdbc.ConnectionImpl@20245fce (No operations allowed after connection closed.). Possibly consider using a shorter maxLifetime value.
2021-11-21 00:59:24.758 [http-nio-8001-exec-5] WARN  com.zaxxer.hikari.pool.PoolBase - HikariPool-1 - Failed to validate connection com.mysql.cj.jdbc.ConnectionImpl@101db10 (No operations allowed after connection closed.). Possibly consider using a shorter maxLifetime value.
2021-11-21 00:59:25.074 [http-nio-8001-exec-6] WARN  com.zaxxer.hikari.pool.PoolBase - HikariPool-1 - Failed to validate connection com.mysql.cj.jdbc.ConnectionImpl@741ed56e (No operations allowed after connection closed.). Possibly consider using a shorter maxLifetime value.
2021-11-21 01:06:31.247 [http-nio-8001-exec-1] WARN  com.zaxxer.hikari.pool.PoolBase - HikariPool-1 - Failed to validate connection com.mysql.cj.jdbc.ConnectionImpl@1ad3d023 (No operations allowed after connection closed.). Possibly consider using a shorter maxLifetime value.
2021-11-21 01:09:08.615 [http-nio-8001-exec-14] WARN  com.zaxxer.hikari.pool.PoolBase - HikariPool-1 - Failed to validate connection com.mysql.cj.jdbc.ConnectionImpl@6d783e99 (No operations allowed after connection closed.). Possibly consider using a shorter maxLifetime value.
2021-11-21 01:10:02.770 [http-nio-8001-exec-3] WARN  com.zaxxer.hikari.pool.PoolBase - HikariPool-1 - Failed to validate connection com.mysql.cj.jdbc.ConnectionImpl@17ccb58c (No operations allowed after connection closed.). Possibly consider using a shorter maxLifetime value.
2021-11-21 01:10:03.023 [http-nio-8001-exec-13] WARN  com.zaxxer.hikari.pool.PoolBase - HikariPool-1 - Failed to validate connection com.mysql.cj.jdbc.ConnectionImpl@4fa425c (No operations allowed after connection closed.). Possibly consider using a shorter maxLifetime value.
2021-11-21 01:12:41.945 [http-nio-8001-exec-15] WARN  com.zaxxer.hikari.pool.PoolBase - HikariPool-1 - Failed to validate connection com.mysql.cj.jdbc.ConnectionImpl@121a33d (No operations allowed after connection closed.). Possibly consider using a shorter maxLifetime value.
2021-11-21 01:12:58.722 [http-nio-8001-exec-10] WARN  com.zaxxer.hikari.pool.PoolBase - HikariPool-1 - Failed to validate connection com.mysql.cj.jdbc.ConnectionImpl@335d0664 (No operations allowed after connection closed.). Possibly consider using a shorter maxLifetime value.
2021-11-21 01:13:23.915 [http-nio-8001-exec-9] WARN  com.zaxxer.hikari.pool.PoolBase - HikariPool-1 - Failed to validate connection com.mysql.cj.jdbc.ConnectionImpl@6320b9e4 (No operations allowed after connection closed.). Possibly consider using a shorter maxLifetime value.
2021-11-21 01:13:33.852 [http-nio-8001-exec-3] WARN  com.zaxxer.hikari.pool.PoolBase - HikariPool-1 - Failed to validate connection com.mysql.cj.jdbc.ConnectionImpl@56467e0d (No operations allowed after connection closed.). Possibly consider using a shorter maxLifetime value.
2021-11-21 01:13:33.852 [http-nio-8001-exec-13] WARN  com.zaxxer.hikari.pool.PoolBase - HikariPool-1 - Failed to validate connection com.mysql.cj.jdbc.ConnectionImpl@fbcb797 (No operations allowed after connection closed.). Possibly consider using a shorter maxLifetime value.
2021-11-21 01:13:36.346 [http-nio-8001-exec-14] WARN  com.zaxxer.hikari.pool.PoolBase - HikariPool-1 - Failed to validate connection com.mysql.cj.jdbc.ConnectionImpl@450f07c7 (No operations allowed after connection closed.). Possibly consider using a shorter maxLifetime value.
2021-11-21 01:13:38.862 [http-nio-8001-exec-13] WARN  com.zaxxer.hikari.pool.PoolBase - HikariPool-1 - Failed to validate connection com.mysql.cj.jdbc.ConnectionImpl@4fbddb4b (No operations allowed after connection closed.). Possibly consider using a shorter maxLifetime value.
2021-11-21 01:14:34.901 [http-nio-8001-exec-4] WARN  com.zaxxer.hikari.pool.PoolBase - HikariPool-1 - Failed to validate connection com.mysql.cj.jdbc.ConnectionImpl@306eddc0 (No operations allowed after connection closed.). Possibly consider using a shorter maxLifetime value.
2021-11-21 01:29:00.091 [http-nio-8001-exec-3] WARN  com.zaxxer.hikari.pool.PoolBase - HikariPool-1 - Failed to validate connection com.mysql.cj.jdbc.ConnectionImpl@4c07d3d7 (No operations allowed after connection closed.). Possibly consider using a shorter maxLifetime value.
2021-11-21 01:29:00.831 [http-nio-8001-exec-14] WARN  com.zaxxer.hikari.pool.PoolBase - HikariPool-1 - Failed to validate connection com.mysql.cj.jdbc.ConnectionImpl@7fbc1cb8 (No operations allowed after connection closed.). Possibly consider using a shorter maxLifetime value.
2021-11-21 01:29:01.655 [http-nio-8001-exec-13] WARN  com.zaxxer.hikari.pool.PoolBase - HikariPool-1 - Failed to validate connection com.mysql.cj.jdbc.ConnectionImpl@35600637 (No operations allowed after connection closed.). Possibly consider using a shorter maxLifetime value.
2021-11-21 01:29:02.389 [http-nio-8001-exec-9] WARN  com.zaxxer.hikari.pool.PoolBase - HikariPool-1 - Failed to validate connection com.mysql.cj.jdbc.ConnectionImpl@78291205 (No operations allowed after connection closed.). Possibly consider using a shorter maxLifetime value.
2021-11-21 01:29:05.103 [http-nio-8001-exec-3] WARN  com.zaxxer.hikari.pool.PoolBase - HikariPool-1 - Failed to validate connection com.mysql.cj.jdbc.ConnectionImpl@15eccc3e (No operations allowed after connection closed.). Possibly consider using a shorter maxLifetime value.
2021-11-21 01:29:05.838 [http-nio-8001-exec-14] WARN  com.zaxxer.hikari.pool.PoolBase - HikariPool-1 - Failed to validate connection com.mysql.cj.jdbc.ConnectionImpl@2adeaee3 (No operations allowed after connection closed.). Possibly consider using a shorter maxLifetime value.
2021-11-21 01:29:06.661 [http-nio-8001-exec-13] WARN  com.zaxxer.hikari.pool.PoolBase - HikariPool-1 - Failed to validate connection com.mysql.cj.jdbc.ConnectionImpl@416d245 (No operations allowed after connection closed.). Possibly consider using a shorter maxLifetime value.
2021-11-21 01:29:07.395 [http-nio-8001-exec-9] WARN  com.zaxxer.hikari.pool.PoolBase - HikariPool-1 - Failed to validate connection com.mysql.cj.jdbc.ConnectionImpl@5a859bcf (No operations allowed after connection closed.). Possibly consider using a shorter maxLifetime value.
2021-11-21 01:29:10.105 [http-nio-8001-exec-3] WARN  com.zaxxer.hikari.pool.PoolBase - HikariPool-1 - Failed to validate connection com.mysql.cj.jdbc.ConnectionImpl@475f67fc (No operations allowed after connection closed.). Possibly consider using a shorter maxLifetime value.
2021-11-21 01:29:10.854 [http-nio-8001-exec-14] WARN  com.zaxxer.hikari.pool.PoolBase - HikariPool-1 - Failed to validate connection com.mysql.cj.jdbc.ConnectionImpl@2a223013 (No operations allowed after connection closed.). Possibly consider using a shorter maxLifetime value.
2021-11-21 01:40:09.124 [http-nio-8001-exec-13] WARN  com.zaxxer.hikari.pool.PoolBase - HikariPool-1 - Failed to validate connection com.mysql.cj.jdbc.ConnectionImpl@56088acf (No operations allowed after connection closed.). Possibly consider using a shorter maxLifetime value.
2021-11-21 02:18:55.200 [http-nio-8001-exec-12] WARN  com.zaxxer.hikari.pool.PoolBase - HikariPool-1 - Failed to validate connection com.mysql.cj.jdbc.ConnectionImpl@54c95bf0 (No operations allowed after connection closed.). Possibly consider using a shorter maxLifetime value.
2021-11-21 02:19:00.210 [http-nio-8001-exec-12] WARN  com.zaxxer.hikari.pool.PoolBase - HikariPool-1 - Failed to validate connection com.mysql.cj.jdbc.ConnectionImpl@4d6a3fd8 (No operations allowed after connection closed.). Possibly consider using a shorter maxLifetime value.
2021-11-21 02:19:05.218 [http-nio-8001-exec-12] WARN  com.zaxxer.hikari.pool.PoolBase - HikariPool-1 - Failed to validate connection com.mysql.cj.jdbc.ConnectionImpl@126bda88 (No operations allowed after connection closed.). Possibly consider using a shorter maxLifetime value.
2021-11-21 02:19:10.234 [http-nio-8001-exec-12] WARN  com.zaxxer.hikari.pool.PoolBase - HikariPool-1 - Failed to validate connection com.mysql.cj.jdbc.ConnectionImpl@593f1387 (No operations allowed after connection closed.). Possibly consider using a shorter maxLifetime value.
2021-11-21 02:19:15.250 [http-nio-8001-exec-12] WARN  com.zaxxer.hikari.pool.PoolBase - HikariPool-1 - Failed to validate connection com.mysql.cj.jdbc.ConnectionImpl@10a88cc (No operations allowed after connection closed.). Possibly consider using a shorter maxLifetime value.
2021-11-21 02:19:20.258 [http-nio-8001-exec-12] WARN  com.zaxxer.hikari.pool.PoolBase - HikariPool-1 - Failed to validate connection com.mysql.cj.jdbc.ConnectionImpl@5e4168ff (No operations allowed after connection closed.). Possibly consider using a shorter maxLifetime value.
2021-11-21 02:19:31.943 [http-nio-8001-exec-13] WARN  com.zaxxer.hikari.pool.PoolBase - HikariPool-1 - Failed to validate connection com.mysql.cj.jdbc.ConnectionImpl@711d6b4 (No operations allowed after connection closed.). Possibly consider using a shorter maxLifetime value.
2021-11-21 02:19:36.947 [http-nio-8001-exec-13] WARN  com.zaxxer.hikari.pool.PoolBase - HikariPool-1 - Failed to validate connection com.mysql.cj.jdbc.ConnectionImpl@70bce96a (No operations allowed after connection closed.). Possibly consider using a shorter maxLifetime value.
2021-11-21 02:19:41.949 [http-nio-8001-exec-13] WARN  com.zaxxer.hikari.pool.PoolBase - HikariPool-1 - Failed to validate connection com.mysql.cj.jdbc.ConnectionImpl@131bee93 (No operations allowed after connection closed.). Possibly consider using a shorter maxLifetime value.
2021-11-21 02:19:46.951 [http-nio-8001-exec-13] WARN  com.zaxxer.hikari.pool.PoolBase - HikariPool-1 - Failed to validate connection com.mysql.cj.jdbc.ConnectionImpl@33f00187 (No operations allowed after connection closed.). Possibly consider using a shorter maxLifetime value.
2021-11-21 02:24:23.595 [http-nio-8001-exec-13] WARN  com.zaxxer.hikari.pool.PoolBase - HikariPool-1 - Failed to validate connection com.mysql.cj.jdbc.ConnectionImpl@34fb4ee3 (No operations allowed after connection closed.). Possibly consider using a shorter maxLifetime value.
2021-11-21 02:24:28.606 [http-nio-8001-exec-13] WARN  com.zaxxer.hikari.pool.PoolBase - HikariPool-1 - Failed to validate connection com.mysql.cj.jdbc.ConnectionImpl@2d8a9d50 (No operations allowed after connection closed.). Possibly consider using a shorter maxLifetime value.
2021-11-21 02:24:33.610 [http-nio-8001-exec-13] WARN  com.zaxxer.hikari.pool.PoolBase - HikariPool-1 - Failed to validate connection com.mysql.cj.jdbc.ConnectionImpl@b12c2ce (No operations allowed after connection closed.). Possibly consider using a shorter maxLifetime value.
2021-11-21 02:24:38.619 [http-nio-8001-exec-13] WARN  com.zaxxer.hikari.pool.PoolBase - HikariPool-1 - Failed to validate connection com.mysql.cj.jdbc.ConnectionImpl@5552f533 (No operations allowed after connection closed.). Possibly consider using a shorter maxLifetime value.
2021-11-21 02:28:08.200 [http-nio-8001-exec-6] WARN  com.zaxxer.hikari.pool.PoolBase - HikariPool-1 - Failed to validate connection com.mysql.cj.jdbc.ConnectionImpl@2ea11472 (No operations allowed after connection closed.). Possibly consider using a shorter maxLifetime value.
2021-11-21 02:28:08.200 [http-nio-8001-exec-1] WARN  com.zaxxer.hikari.pool.PoolBase - HikariPool-1 - Failed to validate connection com.mysql.cj.jdbc.ConnectionImpl@611d08dd (No operations allowed after connection closed.). Possibly consider using a shorter maxLifetime value.
2021-11-21 02:28:10.910 [http-nio-8001-exec-3] WARN  com.zaxxer.hikari.pool.PoolBase - HikariPool-1 - Failed to validate connection com.mysql.cj.jdbc.ConnectionImpl@7f3e17d9 (No operations allowed after connection closed.). Possibly consider using a shorter maxLifetime value.
2021-11-21 02:28:11.297 [http-nio-8001-exec-12] WARN  com.zaxxer.hikari.pool.PoolBase - HikariPool-1 - Failed to validate connection com.mysql.cj.jdbc.ConnectionImpl@3fabe6bb (No operations allowed after connection closed.). Possibly consider using a shorter maxLifetime value.
2021-11-21 02:34:02.207 [main] WARN  com.netflix.config.sources.URLConfigurationSource - No URLs will be polled as dynamic configuration sources.
2021-11-21 02:34:02.212 [main] WARN  com.netflix.config.sources.URLConfigurationSource - No URLs will be polled as dynamic configuration sources.
2021-11-21 02:40:17.900 [http-nio-8001-exec-8] WARN  com.zaxxer.hikari.pool.PoolBase - HikariPool-1 - Failed to validate connection com.mysql.cj.jdbc.ConnectionImpl@2806fbdc (No operations allowed after connection closed.). Possibly consider using a shorter maxLifetime value.
2021-11-21 02:40:22.905 [http-nio-8001-exec-8] WARN  com.zaxxer.hikari.pool.PoolBase - HikariPool-1 - Failed to validate connection com.mysql.cj.jdbc.ConnectionImpl@6be00651 (No operations allowed after connection closed.). Possibly consider using a shorter maxLifetime value.
2021-11-21 02:40:27.908 [http-nio-8001-exec-8] WARN  com.zaxxer.hikari.pool.PoolBase - HikariPool-1 - Failed to validate connection com.mysql.cj.jdbc.ConnectionImpl@6dffa259 (No operations allowed after connection closed.). Possibly consider using a shorter maxLifetime value.
2021-11-21 02:40:32.911 [http-nio-8001-exec-8] WARN  com.zaxxer.hikari.pool.PoolBase - HikariPool-1 - Failed to validate connection com.mysql.cj.jdbc.ConnectionImpl@4dc0da4d (No operations allowed after connection closed.). Possibly consider using a shorter maxLifetime value.
2021-11-21 02:40:37.913 [http-nio-8001-exec-8] WARN  com.zaxxer.hikari.pool.PoolBase - HikariPool-1 - Failed to validate connection com.mysql.cj.jdbc.ConnectionImpl@7bfce68e (No operations allowed after connection closed.). Possibly consider using a shorter maxLifetime value.
2021-11-21 02:40:42.917 [http-nio-8001-exec-8] WARN  com.zaxxer.hikari.pool.PoolBase - HikariPool-1 - Failed to validate connection com.mysql.cj.jdbc.ConnectionImpl@117d78d6 (No operations allowed after connection closed.). Possibly consider using a shorter maxLifetime value.
2021-11-21 02:45:54.824 [http-nio-8001-exec-5] WARN  com.zaxxer.hikari.pool.PoolBase - HikariPool-1 - Failed to validate connection com.mysql.cj.jdbc.ConnectionImpl@467e0d32 (No operations allowed after connection closed.). Possibly consider using a shorter maxLifetime value.
2021-11-21 02:45:57.853 [http-nio-8001-exec-3] WARN  com.zaxxer.hikari.pool.PoolBase - HikariPool-1 - Failed to validate connection com.mysql.cj.jdbc.ConnectionImpl@231bcaaf (No operations allowed after connection closed.). Possibly consider using a shorter maxLifetime value.
2021-11-21 02:45:58.730 [http-nio-8001-exec-7] WARN  com.zaxxer.hikari.pool.PoolBase - HikariPool-1 - Failed to validate connection com.mysql.cj.jdbc.ConnectionImpl@610c915f (No operations allowed after connection closed.). Possibly consider using a shorter maxLifetime value.
2021-11-21 02:45:58.730 [http-nio-8001-exec-4] WARN  com.zaxxer.hikari.pool.PoolBase - HikariPool-1 - Failed to validate connection com.mysql.cj.jdbc.ConnectionImpl@8ad7a6b (No operations allowed after connection closed.). Possibly consider using a shorter maxLifetime value.
2021-11-21 02:45:59.131 [http-nio-8001-exec-9] WARN  com.zaxxer.hikari.pool.PoolBase - HikariPool-1 - Failed to validate connection com.mysql.cj.jdbc.ConnectionImpl@2c0aa75b (No operations allowed after connection closed.). Possibly consider using a shorter maxLifetime value.
2021-11-21 02:45:59.437 [http-nio-8001-exec-10] WARN  com.zaxxer.hikari.pool.PoolBase - HikariPool-1 - Failed to validate connection com.mysql.cj.jdbc.ConnectionImpl@ff99cc4 (No operations allowed after connection closed.). Possibly consider using a shorter maxLifetime value.
2021-11-21 02:45:59.829 [http-nio-8001-exec-5] WARN  com.zaxxer.hikari.pool.PoolBase - HikariPool-1 - Failed to validate connection com.mysql.cj.jdbc.ConnectionImpl@7430709 (No operations allowed after connection closed.). Possibly consider using a shorter maxLifetime value.
2021-11-21 02:46:00.795 [http-nio-8001-exec-1] WARN  com.zaxxer.hikari.pool.PoolBase - HikariPool-1 - Failed to validate connection com.mysql.cj.jdbc.ConnectionImpl@9714530 (No operations allowed after connection closed.). Possibly consider using a shorter maxLifetime value.
2021-11-21 02:46:00.795 [http-nio-8001-exec-2] WARN  com.zaxxer.hikari.pool.PoolBase - HikariPool-1 - Failed to validate connection com.mysql.cj.jdbc.ConnectionImpl@2bb1154c (No operations allowed after connection closed.). Possibly consider using a shorter maxLifetime value.
2021-11-21 02:46:01.373 [http-nio-8001-exec-6] WARN  com.zaxxer.hikari.pool.PoolBase - HikariPool-1 - Failed to validate connection com.mysql.cj.jdbc.ConnectionImpl@1eb381dd (No operations allowed after connection closed.). Possibly consider using a shorter maxLifetime value.
2021-11-21 03:06:32.531 [http-nio-8001-exec-3] WARN  com.zaxxer.hikari.pool.PoolBase - HikariPool-1 - Failed to validate connection com.mysql.cj.jdbc.ConnectionImpl@761d2d25 (No operations allowed after connection closed.). Possibly consider using a shorter maxLifetime value.
2021-11-21 03:06:37.546 [http-nio-8001-exec-3] WARN  com.zaxxer.hikari.pool.PoolBase - HikariPool-1 - Failed to validate connection com.mysql.cj.jdbc.ConnectionImpl@58546cb5 (No operations allowed after connection closed.). Possibly consider using a shorter maxLifetime value.
2021-11-21 03:06:42.554 [http-nio-8001-exec-3] WARN  com.zaxxer.hikari.pool.PoolBase - HikariPool-1 - Failed to validate connection com.mysql.cj.jdbc.ConnectionImpl@de639d8 (No operations allowed after connection closed.). Possibly consider using a shorter maxLifetime value.
2021-11-21 03:06:47.571 [http-nio-8001-exec-3] WARN  com.zaxxer.hikari.pool.PoolBase - HikariPool-1 - Failed to validate connection com.mysql.cj.jdbc.ConnectionImpl@5aa1a84d (No operations allowed after connection closed.). Possibly consider using a shorter maxLifetime value.
2021-11-21 03:06:52.575 [http-nio-8001-exec-3] WARN  com.zaxxer.hikari.pool.PoolBase - HikariPool-1 - Failed to validate connection com.mysql.cj.jdbc.ConnectionImpl@55863514 (No operations allowed after connection closed.). Possibly consider using a shorter maxLifetime value.
2021-11-21 03:06:57.582 [http-nio-8001-exec-3] WARN  com.zaxxer.hikari.pool.PoolBase - HikariPool-1 - Failed to validate connection com.mysql.cj.jdbc.ConnectionImpl@6f12ec9a (No operations allowed after connection closed.). Possibly consider using a shorter maxLifetime value.
2021-11-21 03:06:58.806 [http-nio-8001-exec-8] WARN  com.zaxxer.hikari.pool.PoolBase - HikariPool-1 - Failed to validate connection com.mysql.cj.jdbc.ConnectionImpl@6387e056 (No operations allowed after connection closed.). Possibly consider using a shorter maxLifetime value.
2021-11-21 03:07:03.813 [http-nio-8001-exec-8] WARN  com.zaxxer.hikari.pool.PoolBase - HikariPool-1 - Failed to validate connection com.mysql.cj.jdbc.ConnectionImpl@16e8d217 (No operations allowed after connection closed.). Possibly consider using a shorter maxLifetime value.
2021-11-21 03:07:08.827 [http-nio-8001-exec-8] WARN  com.zaxxer.hikari.pool.PoolBase - HikariPool-1 - Failed to validate connection com.mysql.cj.jdbc.ConnectionImpl@42afe2ca (No operations allowed after connection closed.). Possibly consider using a shorter maxLifetime value.
2021-11-21 03:07:13.837 [http-nio-8001-exec-8] WARN  com.zaxxer.hikari.pool.PoolBase - HikariPool-1 - Failed to validate connection com.mysql.cj.jdbc.ConnectionImpl@4ede2e2a (No operations allowed after connection closed.). Possibly consider using a shorter maxLifetime value.
2021-11-21 03:12:39.976 [http-nio-8001-exec-5] WARN  com.zaxxer.hikari.pool.PoolBase - HikariPool-1 - Failed to validate connection com.mysql.cj.jdbc.ConnectionImpl@1448a267 (No operations allowed after connection closed.). Possibly consider using a shorter maxLifetime value.
2021-11-21 03:12:40.727 [http-nio-8001-exec-1] WARN  com.zaxxer.hikari.pool.PoolBase - HikariPool-1 - Failed to validate connection com.mysql.cj.jdbc.ConnectionImpl@3fad0646 (No operations allowed after connection closed.). Possibly consider using a shorter maxLifetime value.
2021-11-21 03:12:44.995 [http-nio-8001-exec-5] WARN  com.zaxxer.hikari.pool.PoolBase - HikariPool-1 - Failed to validate connection com.mysql.cj.jdbc.ConnectionImpl@1621d330 (No operations allowed after connection closed.). Possibly consider using a shorter maxLifetime value.
2021-11-21 03:12:45.731 [http-nio-8001-exec-1] WARN  com.zaxxer.hikari.pool.PoolBase - HikariPool-1 - Failed to validate connection com.mysql.cj.jdbc.ConnectionImpl@71838a8f (No operations allowed after connection closed.). Possibly consider using a shorter maxLifetime value.
2021-11-21 03:12:50.001 [http-nio-8001-exec-5] WARN  com.zaxxer.hikari.pool.PoolBase - HikariPool-1 - Failed to validate connection com.mysql.cj.jdbc.ConnectionImpl@4476ef9b (No operations allowed after connection closed.). Possibly consider using a shorter maxLifetime value.
2021-11-21 03:12:50.734 [http-nio-8001-exec-1] WARN  com.zaxxer.hikari.pool.PoolBase - HikariPool-1 - Failed to validate connection com.mysql.cj.jdbc.ConnectionImpl@60daf927 (No operations allowed after connection closed.). Possibly consider using a shorter maxLifetime value.
2021-11-21 03:12:55.005 [http-nio-8001-exec-5] WARN  com.zaxxer.hikari.pool.PoolBase - HikariPool-1 - Failed to validate connection com.mysql.cj.jdbc.ConnectionImpl@2ff2a9ce (No operations allowed after connection closed.). Possibly consider using a shorter maxLifetime value.
2021-11-21 03:12:55.737 [http-nio-8001-exec-1] WARN  com.zaxxer.hikari.pool.PoolBase - HikariPool-1 - Failed to validate connection com.mysql.cj.jdbc.ConnectionImpl@41b75868 (No operations allowed after connection closed.). Possibly consider using a shorter maxLifetime value.
2021-11-21 03:13:00.008 [http-nio-8001-exec-5] WARN  com.zaxxer.hikari.pool.PoolBase - HikariPool-1 - Failed to validate connection com.mysql.cj.jdbc.ConnectionImpl@6418b316 (No operations allowed after connection closed.). Possibly consider using a shorter maxLifetime value.
2021-11-21 03:13:00.742 [http-nio-8001-exec-1] WARN  com.zaxxer.hikari.pool.PoolBase - HikariPool-1 - Failed to validate connection com.mysql.cj.jdbc.ConnectionImpl@16fff92e (No operations allowed after connection closed.). Possibly consider using a shorter maxLifetime value.
2021-11-21 18:00:02.534 [main] WARN  com.netflix.config.sources.URLConfigurationSource - No URLs will be polled as dynamic configuration sources.
2021-11-21 18:00:02.587 [main] WARN  com.netflix.config.sources.URLConfigurationSource - No URLs will be polled as dynamic configuration sources.
2021-11-21 18:12:07.292 [main] WARN  com.netflix.config.sources.URLConfigurationSource - No URLs will be polled as dynamic configuration sources.
2021-11-21 18:12:07.297 [main] WARN  com.netflix.config.sources.URLConfigurationSource - No URLs will be polled as dynamic configuration sources.
2021-11-21 18:13:49.175 [HikariPool-1 housekeeper] WARN  com.zaxxer.hikari.pool.HikariPool - HikariPool-1 - Thread starvation or clock leap detected (housekeeper delta=1m7s308ms328µs600ns).
2021-11-21 18:14:03.627 [main] WARN  com.netflix.config.sources.URLConfigurationSource - No URLs will be polled as dynamic configuration sources.
2021-11-21 18:14:03.632 [main] WARN  com.netflix.config.sources.URLConfigurationSource - No URLs will be polled as dynamic configuration sources.
2021-11-21 18:49:51.043 [main] WARN  com.netflix.config.sources.URLConfigurationSource - No URLs will be polled as dynamic configuration sources.
2021-11-21 18:49:51.049 [main] WARN  com.netflix.config.sources.URLConfigurationSource - No URLs will be polled as dynamic configuration sources.
2021-11-21 19:00:55.391 [http-nio-8001-exec-1] WARN  com.zaxxer.hikari.pool.PoolBase - HikariPool-1 - Failed to validate connection com.mysql.cj.jdbc.ConnectionImpl@5fcf992a (No operations allowed after connection closed.). Possibly consider using a shorter maxLifetime value.
2021-11-21 19:00:58.450 [http-nio-8001-exec-4] WARN  com.zaxxer.hikari.pool.PoolBase - HikariPool-1 - Failed to validate connection com.mysql.cj.jdbc.ConnectionImpl@3bc96df8 (No operations allowed after connection closed.). Possibly consider using a shorter maxLifetime value.
2021-11-21 19:03:59.225 [http-nio-8001-exec-9] WARN  com.zaxxer.hikari.pool.PoolBase - HikariPool-1 - Failed to validate connection com.mysql.cj.jdbc.ConnectionImpl@1b913efb (No operations allowed after connection closed.). Possibly consider using a shorter maxLifetime value.
2021-11-21 19:04:00.480 [http-nio-8001-exec-2] WARN  com.zaxxer.hikari.pool.PoolBase - HikariPool-1 - Failed to validate connection com.mysql.cj.jdbc.ConnectionImpl@27218ad7 (No operations allowed after connection closed.). Possibly consider using a shorter maxLifetime value.
2021-11-21 19:05:14.891 [http-nio-8001-exec-4] WARN  com.zaxxer.hikari.pool.PoolBase - HikariPool-1 - Failed to validate connection com.mysql.cj.jdbc.ConnectionImpl@2c7ccd50 (No operations allowed after connection closed.). Possibly consider using a shorter maxLifetime value.
2021-11-21 19:05:15.638 [http-nio-8001-exec-8] WARN  com.zaxxer.hikari.pool.PoolBase - HikariPool-1 - Failed to validate connection com.mysql.cj.jdbc.ConnectionImpl@7ffc1007 (No operations allowed after connection closed.). Possibly consider using a shorter maxLifetime value.
2021-11-21 19:07:20.083 [http-nio-8001-exec-2] WARN  com.zaxxer.hikari.pool.PoolBase - HikariPool-1 - Failed to validate connection com.mysql.cj.jdbc.ConnectionImpl@74eb8819 (No operations allowed after connection closed.). Possibly consider using a shorter maxLifetime value.
2021-11-21 19:07:21.233 [http-nio-8001-exec-5] WARN  com.zaxxer.hikari.pool.PoolBase - HikariPool-1 - Failed to validate connection com.mysql.cj.jdbc.ConnectionImpl@2c44a71e (No operations allowed after connection closed.). Possibly consider using a shorter maxLifetime value.
2021-11-21 19:07:25.719 [http-nio-8001-exec-7] WARN  com.zaxxer.hikari.pool.PoolBase - HikariPool-1 - Failed to validate connection com.mysql.cj.jdbc.ConnectionImpl@562e553f (No operations allowed after connection closed.). Possibly consider using a shorter maxLifetime value.
2021-11-21 19:07:26.494 [http-nio-8001-exec-8] WARN  com.zaxxer.hikari.pool.PoolBase - HikariPool-1 - Failed to validate connection com.mysql.cj.jdbc.ConnectionImpl@527c50e4 (No operations allowed after connection closed.). Possibly consider using a shorter maxLifetime value.
2021-11-21 19:08:15.803 [http-nio-8001-exec-6] WARN  com.zaxxer.hikari.pool.PoolBase - HikariPool-1 - Failed to validate connection com.mysql.cj.jdbc.ConnectionImpl@2446d4f8 (No operations allowed after connection closed.). Possibly consider using a shorter maxLifetime value.
2021-11-21 19:10:43.526 [http-nio-8001-exec-8] WARN  com.zaxxer.hikari.pool.PoolBase - HikariPool-1 - Failed to validate connection com.mysql.cj.jdbc.ConnectionImpl@3012afc6 (No operations allowed after connection closed.). Possibly consider using a shorter maxLifetime value.
2021-11-21 19:10:44.575 [http-nio-8001-exec-9] WARN  com.zaxxer.hikari.pool.PoolBase - HikariPool-1 - Failed to validate connection com.mysql.cj.jdbc.ConnectionImpl@30122c8c (No operations allowed after connection closed.). Possibly consider using a shorter maxLifetime value.
2021-11-21 19:15:45.976 [http-nio-8001-exec-1] WARN  com.zaxxer.hikari.pool.PoolBase - HikariPool-1 - Failed to validate connection com.mysql.cj.jdbc.ConnectionImpl@492632eb (No operations allowed after connection closed.). Possibly consider using a shorter maxLifetime value.
2021-11-21 19:15:50.965 [http-nio-8001-exec-5] WARN  com.zaxxer.hikari.pool.PoolBase - HikariPool-1 - Failed to validate connection com.mysql.cj.jdbc.ConnectionImpl@5b82678f (No operations allowed after connection closed.). Possibly consider using a shorter maxLifetime value.
2021-11-21 19:15:50.981 [http-nio-8001-exec-1] WARN  com.zaxxer.hikari.pool.PoolBase - HikariPool-1 - Failed to validate connection com.mysql.cj.jdbc.ConnectionImpl@45c010de (No operations allowed after connection closed.). Possibly consider using a shorter maxLifetime value.
2021-11-21 19:15:55.973 [http-nio-8001-exec-5] WARN  com.zaxxer.hikari.pool.PoolBase - HikariPool-1 - Failed to validate connection com.mysql.cj.jdbc.ConnectionImpl@4502cc40 (No operations allowed after connection closed.). Possibly consider using a shorter maxLifetime value.
2021-11-21 19:15:55.989 [http-nio-8001-exec-1] WARN  com.zaxxer.hikari.pool.PoolBase - HikariPool-1 - Failed to validate connection com.mysql.cj.jdbc.ConnectionImpl@5a336f46 (No operations allowed after connection closed.). Possibly consider using a shorter maxLifetime value.
2021-11-21 19:15:59.330 [http-nio-8001-exec-6] WARN  com.zaxxer.hikari.pool.PoolBase - HikariPool-1 - Failed to validate connection com.mysql.cj.jdbc.ConnectionImpl@56e68f41 (No operations allowed after connection closed.). Possibly consider using a shorter maxLifetime value.
2021-11-21 19:16:00.977 [http-nio-8001-exec-5] WARN  com.zaxxer.hikari.pool.PoolBase - HikariPool-1 - Failed to validate connection com.mysql.cj.jdbc.ConnectionImpl@6d010b27 (No operations allowed after connection closed.). Possibly consider using a shorter maxLifetime value.
2021-11-21 19:16:00.992 [http-nio-8001-exec-1] WARN  com.zaxxer.hikari.pool.PoolBase - HikariPool-1 - Failed to validate connection com.mysql.cj.jdbc.ConnectionImpl@28ea0e7c (No operations allowed after connection closed.). Possibly consider using a shorter maxLifetime value.
2021-11-21 19:16:04.344 [http-nio-8001-exec-6] WARN  com.zaxxer.hikari.pool.PoolBase - HikariPool-1 - Failed to validate connection com.mysql.cj.jdbc.ConnectionImpl@27a254f8 (No operations allowed after connection closed.). Possibly consider using a shorter maxLifetime value.
2021-11-21 19:16:05.986 [http-nio-8001-exec-5] WARN  com.zaxxer.hikari.pool.PoolBase - HikariPool-1 - Failed to validate connection com.mysql.cj.jdbc.ConnectionImpl@38013bb1 (No operations allowed after connection closed.). Possibly consider using a shorter maxLifetime value.
2021-11-21 19:29:12.751 [main] WARN  com.netflix.config.sources.URLConfigurationSource - No URLs will be polled as dynamic configuration sources.
2021-11-21 19:29:12.757 [main] WARN  com.netflix.config.sources.URLConfigurationSource - No URLs will be polled as dynamic configuration sources.
2021-11-21 19:30:18.892 [HikariPool-1 housekeeper] WARN  com.zaxxer.hikari.pool.HikariPool - HikariPool-1 - Thread starvation or clock leap detected (housekeeper delta=1m7s235ms845µs600ns).
2021-11-21 19:30:32.701 [main] WARN  com.netflix.config.sources.URLConfigurationSource - No URLs will be polled as dynamic configuration sources.
2021-11-21 19:30:32.708 [main] WARN  com.netflix.config.sources.URLConfigurationSource - No URLs will be polled as dynamic configuration sources.
2021-11-21 19:31:33.046 [HikariPool-1 housekeeper] WARN  com.zaxxer.hikari.pool.HikariPool - HikariPool-1 - Thread starvation or clock leap detected (housekeeper delta=1m1s428ms789µs400ns).
2021-11-21 19:31:47.196 [main] WARN  com.netflix.config.sources.URLConfigurationSource - No URLs will be polled as dynamic configuration sources.
2021-11-21 19:31:47.201 [main] WARN  com.netflix.config.sources.URLConfigurationSource - No URLs will be polled as dynamic configuration sources.
2021-11-21 19:32:43.161 [main] WARN  com.netflix.config.sources.URLConfigurationSource - No URLs will be polled as dynamic configuration sources.
2021-11-21 19:32:43.167 [main] WARN  com.netflix.config.sources.URLConfigurationSource - No URLs will be polled as dynamic configuration sources.
2021-11-21 19:34:02.244 [main] WARN  com.netflix.config.sources.URLConfigurationSource - No URLs will be polled as dynamic configuration sources.
2021-11-21 19:34:02.249 [main] WARN  com.netflix.config.sources.URLConfigurationSource - No URLs will be polled as dynamic configuration sources.
2021-11-21 19:35:58.078 [main] WARN  com.netflix.config.sources.URLConfigurationSource - No URLs will be polled as dynamic configuration sources.
2021-11-21 19:35:58.083 [main] WARN  com.netflix.config.sources.URLConfigurationSource - No URLs will be polled as dynamic configuration sources.
2021-11-21 19:39:16.506 [main] WARN  com.netflix.config.sources.URLConfigurationSource - No URLs will be polled as dynamic configuration sources.
2021-11-21 19:39:16.512 [main] WARN  com.netflix.config.sources.URLConfigurationSource - No URLs will be polled as dynamic configuration sources.
2021-11-21 19:46:51.625 [main] WARN  com.netflix.config.sources.URLConfigurationSource - No URLs will be polled as dynamic configuration sources.
2021-11-21 19:46:51.630 [main] WARN  com.netflix.config.sources.URLConfigurationSource - No URLs will be polled as dynamic configuration sources.
2021-11-21 19:52:00.848 [main] WARN  com.netflix.config.sources.URLConfigurationSource - No URLs will be polled as dynamic configuration sources.
2021-11-21 19:52:00.853 [main] WARN  com.netflix.config.sources.URLConfigurationSource - No URLs will be polled as dynamic configuration sources.
2021-11-21 19:54:51.878 [main] WARN  com.netflix.config.sources.URLConfigurationSource - No URLs will be polled as dynamic configuration sources.
2021-11-21 19:54:51.883 [main] WARN  com.netflix.config.sources.URLConfigurationSource - No URLs will be polled as dynamic configuration sources.
2021-11-21 20:02:36.764 [main] WARN  com.netflix.config.sources.URLConfigurationSource - No URLs will be polled as dynamic configuration sources.
2021-11-21 20:02:36.768 [main] WARN  com.netflix.config.sources.URLConfigurationSource - No URLs will be polled as dynamic configuration sources.
2021-11-21 20:11:30.770 [http-nio-8001-exec-10] WARN  com.zaxxer.hikari.pool.PoolBase - HikariPool-1 - Failed to validate connection com.mysql.cj.jdbc.ConnectionImpl@591f58bb (No operations allowed after connection closed.). Possibly consider using a shorter maxLifetime value.
2021-11-21 20:11:31.526 [http-nio-8001-exec-6] WARN  com.zaxxer.hikari.pool.PoolBase - HikariPool-1 - Failed to validate connection com.mysql.cj.jdbc.ConnectionImpl@7784331a (No operations allowed after connection closed.). Possibly consider using a shorter maxLifetime value.
2021-11-21 20:11:35.783 [http-nio-8001-exec-10] WARN  com.zaxxer.hikari.pool.PoolBase - HikariPool-1 - Failed to validate connection com.mysql.cj.jdbc.ConnectionImpl@1c9ff250 (No operations allowed after connection closed.). Possibly consider using a shorter maxLifetime value.
2021-11-21 20:11:36.532 [http-nio-8001-exec-6] WARN  com.zaxxer.hikari.pool.PoolBase - HikariPool-1 - Failed to validate connection com.mysql.cj.jdbc.ConnectionImpl@73bba932 (No operations allowed after connection closed.). Possibly consider using a shorter maxLifetime value.
2021-11-21 20:11:37.524 [http-nio-8001-exec-7] WARN  com.zaxxer.hikari.pool.PoolBase - HikariPool-1 - Failed to validate connection com.mysql.cj.jdbc.ConnectionImpl@696aee66 (No operations allowed after connection closed.). Possibly consider using a shorter maxLifetime value.
2021-11-21 20:11:37.932 [http-nio-8001-exec-8] WARN  com.zaxxer.hikari.pool.PoolBase - HikariPool-1 - Failed to validate connection com.mysql.cj.jdbc.ConnectionImpl@2633e197 (No operations allowed after connection closed.). Possibly consider using a shorter maxLifetime value.
2021-11-21 20:11:40.800 [http-nio-8001-exec-10] WARN  com.zaxxer.hikari.pool.PoolBase - HikariPool-1 - Failed to validate connection com.mysql.cj.jdbc.ConnectionImpl@67e2d310 (No operations allowed after connection closed.). Possibly consider using a shorter maxLifetime value.
2021-11-21 20:11:41.543 [http-nio-8001-exec-6] WARN  com.zaxxer.hikari.pool.PoolBase - HikariPool-1 - Failed to validate connection com.mysql.cj.jdbc.ConnectionImpl@36b93921 (No operations allowed after connection closed.). Possibly consider using a shorter maxLifetime value.
2021-11-21 20:18:56.478 [http-nio-8001-exec-3] WARN  com.zaxxer.hikari.pool.PoolBase - HikariPool-1 - Failed to validate connection com.mysql.cj.jdbc.ConnectionImpl@5732b710 (No operations allowed after connection closed.). Possibly consider using a shorter maxLifetime value.
2021-11-21 20:31:12.086 [http-nio-8001-exec-9] WARN  com.zaxxer.hikari.pool.PoolBase - HikariPool-1 - Failed to validate connection com.mysql.cj.jdbc.ConnectionImpl@5b25e781 (No operations allowed after connection closed.). Possibly consider using a shorter maxLifetime value.
2021-11-21 20:31:12.102 [http-nio-8001-exec-6] WARN  com.zaxxer.hikari.pool.PoolBase - HikariPool-1 - Failed to validate connection com.mysql.cj.jdbc.ConnectionImpl@36a71b4e (No operations allowed after connection closed.). Possibly consider using a shorter maxLifetime value.
2021-11-21 20:31:13.154 [http-nio-8001-exec-1] WARN  com.zaxxer.hikari.pool.PoolBase - HikariPool-1 - Failed to validate connection com.mysql.cj.jdbc.ConnectionImpl@72f964b8 (No operations allowed after connection closed.). Possibly consider using a shorter maxLifetime value.
2021-11-21 20:31:15.155 [http-nio-8001-exec-2] WARN  com.zaxxer.hikari.pool.PoolBase - HikariPool-1 - Failed to validate connection com.mysql.cj.jdbc.ConnectionImpl@77644e6a (No operations allowed after connection closed.). Possibly consider using a shorter maxLifetime value.
2021-11-21 20:31:16.123 [http-nio-8001-exec-4] WARN  com.zaxxer.hikari.pool.PoolBase - HikariPool-1 - Failed to validate connection com.mysql.cj.jdbc.ConnectionImpl@4c575092 (No operations allowed after connection closed.). Possibly consider using a shorter maxLifetime value.
2021-11-21 20:31:17.104 [http-nio-8001-exec-9] WARN  com.zaxxer.hikari.pool.PoolBase - HikariPool-1 - Failed to validate connection com.mysql.cj.jdbc.ConnectionImpl@755be9c8 (No operations allowed after connection closed.). Possibly consider using a shorter maxLifetime value.
2021-11-21 20:31:17.120 [http-nio-8001-exec-6] WARN  com.zaxxer.hikari.pool.PoolBase - HikariPool-1 - Failed to validate connection com.mysql.cj.jdbc.ConnectionImpl@37087db2 (No operations allowed after connection closed.). Possibly consider using a shorter maxLifetime value.
2021-11-21 20:31:18.167 [http-nio-8001-exec-1] WARN  com.zaxxer.hikari.pool.PoolBase - HikariPool-1 - Failed to validate connection com.mysql.cj.jdbc.ConnectionImpl@511d0545 (No operations allowed after connection closed.). Possibly consider using a shorter maxLifetime value.
2021-11-21 20:31:20.169 [http-nio-8001-exec-2] WARN  com.zaxxer.hikari.pool.PoolBase - HikariPool-1 - Failed to validate connection com.mysql.cj.jdbc.ConnectionImpl@55003b0a (No operations allowed after connection closed.). Possibly consider using a shorter maxLifetime value.
2021-11-21 20:31:21.145 [http-nio-8001-exec-4] WARN  com.zaxxer.hikari.pool.PoolBase - HikariPool-1 - Failed to validate connection com.mysql.cj.jdbc.ConnectionImpl@5d9f107 (No operations allowed after connection closed.). Possibly consider using a shorter maxLifetime value.
2021-11-21 22:29:06.005 [main] WARN  com.netflix.config.sources.URLConfigurationSource - No URLs will be polled as dynamic configuration sources.
2021-11-21 22:29:06.012 [main] WARN  com.netflix.config.sources.URLConfigurationSource - No URLs will be polled as dynamic configuration sources.
