2021-10-28 13:09:05.670 [main] INFO  com.graduate.edu.ServiceEduMain - Starting ServiceEduMain on DESKTOP-EU9P6DM with PID 12328 (D:\qq\IDEA\IdeaProjects\graduation_project\great_course\service\service_edu\target\classes started by 17183 in D:\qq\IDEA\IdeaProjects\graduation_project\great_course)
2021-10-28 13:09:05.697 [main] INFO  com.graduate.edu.ServiceEduMain - The following profiles are active: dev
2021-10-28 13:09:07.089 [main] INFO  o.s.d.r.config.RepositoryConfigurationDelegate - Multiple Spring Data modules found, entering strict repository configuration mode!
2021-10-28 13:09:07.093 [main] INFO  o.s.d.r.config.RepositoryConfigurationDelegate - Bootstrapping Spring Data repositories in DEFAULT mode.
2021-10-28 13:09:07.124 [main] INFO  o.s.d.r.config.RepositoryConfigurationDelegate - Finished Spring Data repository scanning in 13ms. Found 0 repository interfaces.
2021-10-28 13:09:07.496 [main] INFO  o.s.c.s.PostProcessorRegistrationDelegate$BeanPostProcessorChecker - Bean 'org.springframework.transaction.annotation.ProxyTransactionManagementConfiguration' of type [org.springframework.transaction.annotation.ProxyTransactionManagementConfiguration] is not eligible for getting processed by all BeanPostProcessors (for example: not eligible for auto-proxying)
2021-10-28 13:09:07.832 [main] INFO  o.s.boot.web.embedded.tomcat.TomcatWebServer - Tomcat initialized with port(s): 8001 (http)
2021-10-28 13:09:07.845 [main] INFO  org.apache.coyote.http11.Http11NioProtocol - Initializing ProtocolHandler ["http-nio-8001"]
2021-10-28 13:09:07.845 [main] INFO  org.apache.catalina.core.StandardService - Starting service [Tomcat]
2021-10-28 13:09:07.846 [main] INFO  org.apache.catalina.core.StandardEngine - Starting Servlet engine: [Apache Tomcat/9.0.27]
2021-10-28 13:09:07.848 [main] INFO  org.apache.catalina.core.AprLifecycleListener - An older version [1.2.14] of the APR based Apache Tomcat Native library is installed, while Tomcat recommends a minimum version of [1.2.23]
2021-10-28 13:09:07.848 [main] INFO  org.apache.catalina.core.AprLifecycleListener - Loaded APR based Apache Tomcat Native library [1.2.14] using APR version [1.6.2].
2021-10-28 13:09:07.848 [main] INFO  org.apache.catalina.core.AprLifecycleListener - APR capabilities: IPv6 [true], sendfile [true], accept filters [false], random [true].
2021-10-28 13:09:07.848 [main] INFO  org.apache.catalina.core.AprLifecycleListener - APR/OpenSSL configuration: useAprConnector [false], useOpenSSL [true]
2021-10-28 13:09:08.895 [main] INFO  org.apache.catalina.core.AprLifecycleListener - OpenSSL successfully initialized [OpenSSL 1.0.2l  25 May 2017]
2021-10-28 13:09:09.108 [main] INFO  o.a.c.core.ContainerBase.[Tomcat].[localhost].[/] - Initializing Spring embedded WebApplicationContext
2021-10-28 13:09:09.108 [main] INFO  org.springframework.web.context.ContextLoader - Root WebApplicationContext: initialization completed in 3361 ms
2021-10-28 13:09:09.391 [main] INFO  com.zaxxer.hikari.HikariDataSource - HikariPool-1 - Starting...
2021-10-28 13:09:09.600 [main] INFO  com.zaxxer.hikari.HikariDataSource - HikariPool-1 - Start completed.
2021-10-28 13:09:10.061 [main] INFO  s.d.s.w.PropertySourcedRequestMappingHandlerMapping - Mapped URL path [/v2/api-docs] onto method [springfox.documentation.swagger2.web.Swagger2Controller#getDocumentation(String, HttpServletRequest)]
2021-10-28 13:09:10.154 [main] INFO  o.s.scheduling.concurrent.ThreadPoolTaskExecutor - Initializing ExecutorService 'applicationTaskExecutor'
2021-10-28 13:09:10.661 [main] INFO  s.d.s.web.plugins.DocumentationPluginsBootstrapper - Context refreshed
2021-10-28 13:09:10.678 [main] INFO  s.d.s.web.plugins.DocumentationPluginsBootstrapper - Found 1 custom documentation plugin(s)
2021-10-28 13:09:10.710 [main] INFO  s.d.spring.web.scanners.ApiListingReferenceScanner - Scanning for api listing references
2021-10-28 13:09:10.869 [main] INFO  org.apache.coyote.http11.Http11NioProtocol - Starting ProtocolHandler ["http-nio-8001"]
2021-10-28 13:09:10.888 [main] INFO  o.s.boot.web.embedded.tomcat.TomcatWebServer - Tomcat started on port(s): 8001 (http) with context path ''
2021-10-28 13:09:10.890 [main] INFO  com.graduate.edu.ServiceEduMain - Started ServiceEduMain in 6.213 seconds (JVM running for 7.42)
2021-10-28 13:12:17.349 [http-nio-8001-exec-1] INFO  o.a.c.core.ContainerBase.[Tomcat].[localhost].[/] - Initializing Spring DispatcherServlet 'dispatcherServlet'
2021-10-28 13:12:17.349 [http-nio-8001-exec-1] INFO  org.springframework.web.servlet.DispatcherServlet - Initializing Servlet 'dispatcherServlet'
2021-10-28 13:12:17.355 [http-nio-8001-exec-1] INFO  org.springframework.web.servlet.DispatcherServlet - Completed initialization in 6 ms
2021-10-28 14:13:32.932 [SpringContextShutdownHook] INFO  o.s.scheduling.concurrent.ThreadPoolTaskExecutor - Shutting down ExecutorService 'applicationTaskExecutor'
2021-10-28 14:13:32.934 [SpringContextShutdownHook] INFO  com.zaxxer.hikari.HikariDataSource - HikariPool-1 - Shutdown initiated...
2021-10-28 14:13:32.940 [SpringContextShutdownHook] INFO  com.zaxxer.hikari.HikariDataSource - HikariPool-1 - Shutdown completed.
2021-10-28 14:13:38.450 [main] INFO  com.graduate.edu.ServiceEduMain - Starting ServiceEduMain on DESKTOP-EU9P6DM with PID 3084 (D:\qq\IDEA\IdeaProjects\graduation_project\great_course\service\service_edu\target\classes started by 17183 in D:\qq\IDEA\IdeaProjects\graduation_project\great_course)
2021-10-28 14:13:38.453 [main] INFO  com.graduate.edu.ServiceEduMain - The following profiles are active: dev
2021-10-28 14:13:39.249 [main] INFO  o.s.d.r.config.RepositoryConfigurationDelegate - Multiple Spring Data modules found, entering strict repository configuration mode!
2021-10-28 14:13:39.252 [main] INFO  o.s.d.r.config.RepositoryConfigurationDelegate - Bootstrapping Spring Data repositories in DEFAULT mode.
2021-10-28 14:13:39.275 [main] INFO  o.s.d.r.config.RepositoryConfigurationDelegate - Finished Spring Data repository scanning in 11ms. Found 0 repository interfaces.
2021-10-28 14:13:39.495 [main] INFO  o.s.c.s.PostProcessorRegistrationDelegate$BeanPostProcessorChecker - Bean 'org.springframework.transaction.annotation.ProxyTransactionManagementConfiguration' of type [org.springframework.transaction.annotation.ProxyTransactionManagementConfiguration] is not eligible for getting processed by all BeanPostProcessors (for example: not eligible for auto-proxying)
2021-10-28 14:13:39.703 [main] INFO  o.s.boot.web.embedded.tomcat.TomcatWebServer - Tomcat initialized with port(s): 8001 (http)
2021-10-28 14:13:39.711 [main] INFO  org.apache.coyote.http11.Http11NioProtocol - Initializing ProtocolHandler ["http-nio-8001"]
2021-10-28 14:13:39.712 [main] INFO  org.apache.catalina.core.StandardService - Starting service [Tomcat]
2021-10-28 14:13:39.712 [main] INFO  org.apache.catalina.core.StandardEngine - Starting Servlet engine: [Apache Tomcat/9.0.27]
2021-10-28 14:13:39.713 [main] INFO  org.apache.catalina.core.AprLifecycleListener - An older version [1.2.14] of the APR based Apache Tomcat Native library is installed, while Tomcat recommends a minimum version of [1.2.23]
2021-10-28 14:13:39.714 [main] INFO  org.apache.catalina.core.AprLifecycleListener - Loaded APR based Apache Tomcat Native library [1.2.14] using APR version [1.6.2].
2021-10-28 14:13:39.714 [main] INFO  org.apache.catalina.core.AprLifecycleListener - APR capabilities: IPv6 [true], sendfile [true], accept filters [false], random [true].
2021-10-28 14:13:39.714 [main] INFO  org.apache.catalina.core.AprLifecycleListener - APR/OpenSSL configuration: useAprConnector [false], useOpenSSL [true]
2021-10-28 14:13:40.764 [main] INFO  org.apache.catalina.core.AprLifecycleListener - OpenSSL successfully initialized [OpenSSL 1.0.2l  25 May 2017]
2021-10-28 14:13:40.906 [main] INFO  o.a.c.core.ContainerBase.[Tomcat].[localhost].[/] - Initializing Spring embedded WebApplicationContext
2021-10-28 14:13:40.908 [main] INFO  org.springframework.web.context.ContextLoader - Root WebApplicationContext: initialization completed in 2416 ms
2021-10-28 14:13:41.147 [main] INFO  com.zaxxer.hikari.HikariDataSource - HikariPool-1 - Starting...
2021-10-28 14:13:41.288 [main] INFO  com.zaxxer.hikari.HikariDataSource - HikariPool-1 - Start completed.
2021-10-28 14:13:41.683 [main] INFO  s.d.s.w.PropertySourcedRequestMappingHandlerMapping - Mapped URL path [/v2/api-docs] onto method [springfox.documentation.swagger2.web.Swagger2Controller#getDocumentation(String, HttpServletRequest)]
2021-10-28 14:13:41.776 [main] INFO  o.s.scheduling.concurrent.ThreadPoolTaskExecutor - Initializing ExecutorService 'applicationTaskExecutor'
2021-10-28 14:13:42.187 [main] INFO  s.d.s.web.plugins.DocumentationPluginsBootstrapper - Context refreshed
2021-10-28 14:13:42.205 [main] INFO  s.d.s.web.plugins.DocumentationPluginsBootstrapper - Found 1 custom documentation plugin(s)
2021-10-28 14:13:42.245 [main] INFO  s.d.spring.web.scanners.ApiListingReferenceScanner - Scanning for api listing references
2021-10-28 14:13:42.407 [main] INFO  org.apache.coyote.http11.Http11NioProtocol - Starting ProtocolHandler ["http-nio-8001"]
2021-10-28 14:13:42.428 [main] INFO  o.s.boot.web.embedded.tomcat.TomcatWebServer - Tomcat started on port(s): 8001 (http) with context path ''
2021-10-28 14:13:42.430 [main] INFO  com.graduate.edu.ServiceEduMain - Started ServiceEduMain in 4.58 seconds (JVM running for 5.577)
2021-10-28 14:14:34.279 [http-nio-8001-exec-1] INFO  o.a.c.core.ContainerBase.[Tomcat].[localhost].[/] - Initializing Spring DispatcherServlet 'dispatcherServlet'
2021-10-28 14:14:34.280 [http-nio-8001-exec-1] INFO  org.springframework.web.servlet.DispatcherServlet - Initializing Servlet 'dispatcherServlet'
2021-10-28 14:14:34.286 [http-nio-8001-exec-1] INFO  org.springframework.web.servlet.DispatcherServlet - Completed initialization in 6 ms
2021-10-28 14:16:47.789 [SpringContextShutdownHook] INFO  o.s.scheduling.concurrent.ThreadPoolTaskExecutor - Shutting down ExecutorService 'applicationTaskExecutor'
2021-10-28 14:16:47.790 [SpringContextShutdownHook] INFO  com.zaxxer.hikari.HikariDataSource - HikariPool-1 - Shutdown initiated...
2021-10-28 14:16:47.793 [SpringContextShutdownHook] INFO  com.zaxxer.hikari.HikariDataSource - HikariPool-1 - Shutdown completed.
2021-10-28 14:16:52.708 [main] INFO  com.graduate.edu.ServiceEduMain - Starting ServiceEduMain on DESKTOP-EU9P6DM with PID 16292 (D:\qq\IDEA\IdeaProjects\graduation_project\great_course\service\service_edu\target\classes started by 17183 in D:\qq\IDEA\IdeaProjects\graduation_project\great_course)
2021-10-28 14:16:52.711 [main] INFO  com.graduate.edu.ServiceEduMain - The following profiles are active: dev
2021-10-28 14:16:53.468 [main] INFO  o.s.d.r.config.RepositoryConfigurationDelegate - Multiple Spring Data modules found, entering strict repository configuration mode!
2021-10-28 14:16:53.470 [main] INFO  o.s.d.r.config.RepositoryConfigurationDelegate - Bootstrapping Spring Data repositories in DEFAULT mode.
2021-10-28 14:16:53.493 [main] INFO  o.s.d.r.config.RepositoryConfigurationDelegate - Finished Spring Data repository scanning in 11ms. Found 0 repository interfaces.
2021-10-28 14:16:53.709 [main] INFO  o.s.c.s.PostProcessorRegistrationDelegate$BeanPostProcessorChecker - Bean 'org.springframework.transaction.annotation.ProxyTransactionManagementConfiguration' of type [org.springframework.transaction.annotation.ProxyTransactionManagementConfiguration] is not eligible for getting processed by all BeanPostProcessors (for example: not eligible for auto-proxying)
2021-10-28 14:16:53.910 [main] INFO  o.s.boot.web.embedded.tomcat.TomcatWebServer - Tomcat initialized with port(s): 8001 (http)
2021-10-28 14:16:53.918 [main] INFO  org.apache.coyote.http11.Http11NioProtocol - Initializing ProtocolHandler ["http-nio-8001"]
2021-10-28 14:16:53.919 [main] INFO  org.apache.catalina.core.StandardService - Starting service [Tomcat]
2021-10-28 14:16:53.919 [main] INFO  org.apache.catalina.core.StandardEngine - Starting Servlet engine: [Apache Tomcat/9.0.27]
2021-10-28 14:16:53.921 [main] INFO  org.apache.catalina.core.AprLifecycleListener - An older version [1.2.14] of the APR based Apache Tomcat Native library is installed, while Tomcat recommends a minimum version of [1.2.23]
2021-10-28 14:16:53.921 [main] INFO  org.apache.catalina.core.AprLifecycleListener - Loaded APR based Apache Tomcat Native library [1.2.14] using APR version [1.6.2].
2021-10-28 14:16:53.921 [main] INFO  org.apache.catalina.core.AprLifecycleListener - APR capabilities: IPv6 [true], sendfile [true], accept filters [false], random [true].
2021-10-28 14:16:53.921 [main] INFO  org.apache.catalina.core.AprLifecycleListener - APR/OpenSSL configuration: useAprConnector [false], useOpenSSL [true]
2021-10-28 14:16:54.959 [main] INFO  org.apache.catalina.core.AprLifecycleListener - OpenSSL successfully initialized [OpenSSL 1.0.2l  25 May 2017]
2021-10-28 14:16:55.069 [main] INFO  o.a.c.core.ContainerBase.[Tomcat].[localhost].[/] - Initializing Spring embedded WebApplicationContext
2021-10-28 14:16:55.070 [main] INFO  org.springframework.web.context.ContextLoader - Root WebApplicationContext: initialization completed in 2300 ms
2021-10-28 14:16:55.255 [main] INFO  com.zaxxer.hikari.HikariDataSource - HikariPool-1 - Starting...
2021-10-28 14:16:55.380 [main] INFO  com.zaxxer.hikari.HikariDataSource - HikariPool-1 - Start completed.
2021-10-28 14:16:55.730 [main] INFO  s.d.s.w.PropertySourcedRequestMappingHandlerMapping - Mapped URL path [/v2/api-docs] onto method [springfox.documentation.swagger2.web.Swagger2Controller#getDocumentation(String, HttpServletRequest)]
2021-10-28 14:16:55.817 [main] INFO  o.s.scheduling.concurrent.ThreadPoolTaskExecutor - Initializing ExecutorService 'applicationTaskExecutor'
2021-10-28 14:16:56.238 [main] INFO  s.d.s.web.plugins.DocumentationPluginsBootstrapper - Context refreshed
2021-10-28 14:16:56.254 [main] INFO  s.d.s.web.plugins.DocumentationPluginsBootstrapper - Found 1 custom documentation plugin(s)
2021-10-28 14:16:56.284 [main] INFO  s.d.spring.web.scanners.ApiListingReferenceScanner - Scanning for api listing references
2021-10-28 14:16:56.448 [main] INFO  org.apache.coyote.http11.Http11NioProtocol - Starting ProtocolHandler ["http-nio-8001"]
2021-10-28 14:16:56.467 [main] INFO  o.s.boot.web.embedded.tomcat.TomcatWebServer - Tomcat started on port(s): 8001 (http) with context path ''
2021-10-28 14:16:56.469 [main] INFO  com.graduate.edu.ServiceEduMain - Started ServiceEduMain in 4.245 seconds (JVM running for 5.125)
2021-10-28 14:18:07.775 [http-nio-8001-exec-1] INFO  o.a.c.core.ContainerBase.[Tomcat].[localhost].[/] - Initializing Spring DispatcherServlet 'dispatcherServlet'
2021-10-28 14:18:07.775 [http-nio-8001-exec-1] INFO  org.springframework.web.servlet.DispatcherServlet - Initializing Servlet 'dispatcherServlet'
2021-10-28 14:18:07.781 [http-nio-8001-exec-1] INFO  org.springframework.web.servlet.DispatcherServlet - Completed initialization in 6 ms
2021-10-28 14:18:07.807 [http-nio-8001-exec-1] INFO  com.graduate.edu.controller.LoginController - 登录请求**************
2021-10-28 14:18:09.277 [http-nio-8001-exec-4] INFO  com.graduate.edu.controller.LoginController - 登录请求**************
2021-10-28 14:18:09.926 [http-nio-8001-exec-6] INFO  com.graduate.edu.controller.LoginController - 登录请求**************
2021-10-28 14:18:10.143 [http-nio-8001-exec-8] INFO  com.graduate.edu.controller.LoginController - 登录请求**************
2021-10-28 14:18:12.390 [http-nio-8001-exec-5] INFO  com.graduate.edu.controller.LoginController - 登录请求**************
2021-10-28 14:18:17.144 [http-nio-8001-exec-3] INFO  com.graduate.edu.controller.LoginController - 登录请求**************
2021-10-28 14:18:17.516 [http-nio-8001-exec-7] INFO  com.graduate.edu.controller.LoginController - 登录请求**************
2021-10-28 14:18:17.747 [http-nio-8001-exec-2] INFO  com.graduate.edu.controller.LoginController - 登录请求**************
2021-10-28 14:18:18.137 [http-nio-8001-exec-9] INFO  com.graduate.edu.controller.LoginController - 登录请求**************
2021-10-28 14:18:18.348 [http-nio-8001-exec-10] INFO  com.graduate.edu.controller.LoginController - 登录请求**************
2021-10-28 14:18:18.560 [http-nio-8001-exec-1] INFO  com.graduate.edu.controller.LoginController - 登录请求**************
2021-10-28 14:18:18.732 [http-nio-8001-exec-4] INFO  com.graduate.edu.controller.LoginController - 登录请求**************
2021-10-28 14:18:18.927 [http-nio-8001-exec-6] INFO  com.graduate.edu.controller.LoginController - 登录请求**************
2021-10-28 14:20:14.029 [http-nio-8001-exec-5] INFO  com.graduate.edu.controller.LoginController - 登录请求**************
2021-10-28 14:20:15.689 [http-nio-8001-exec-3] INFO  com.graduate.edu.controller.LoginController - 登录请求**************
2021-10-28 14:21:11.930 [http-nio-8001-exec-7] INFO  com.graduate.edu.controller.LoginController - 登录请求**************
2021-10-28 14:22:26.506 [http-nio-8001-exec-1] INFO  com.graduate.edu.controller.LoginController - 登录请求**************
2021-10-28 14:30:31.927 [http-nio-8001-exec-5] INFO  com.graduate.edu.controller.LoginController - 登录请求**************
2021-10-28 14:30:41.406 [http-nio-8001-exec-3] INFO  com.graduate.edu.controller.LoginController - 登录请求**************
2021-10-28 14:31:00.032 [http-nio-8001-exec-7] INFO  com.graduate.edu.controller.LoginController - 登录请求**************
2021-10-28 14:31:00.214 [http-nio-8001-exec-2] INFO  com.graduate.edu.controller.LoginController - 登录请求**************
2021-10-28 14:31:00.414 [http-nio-8001-exec-9] INFO  com.graduate.edu.controller.LoginController - 登录请求**************
2021-10-28 14:32:21.253 [SpringContextShutdownHook] INFO  o.s.scheduling.concurrent.ThreadPoolTaskExecutor - Shutting down ExecutorService 'applicationTaskExecutor'
2021-10-28 14:32:21.254 [SpringContextShutdownHook] INFO  com.zaxxer.hikari.HikariDataSource - HikariPool-1 - Shutdown initiated...
2021-10-28 14:32:21.257 [SpringContextShutdownHook] INFO  com.zaxxer.hikari.HikariDataSource - HikariPool-1 - Shutdown completed.
2021-10-28 14:32:26.419 [main] INFO  com.graduate.edu.ServiceEduMain - Starting ServiceEduMain on DESKTOP-EU9P6DM with PID 17840 (D:\qq\IDEA\IdeaProjects\graduation_project\great_course\service\service_edu\target\classes started by 17183 in D:\qq\IDEA\IdeaProjects\graduation_project\great_course)
2021-10-28 14:32:26.423 [main] INFO  com.graduate.edu.ServiceEduMain - The following profiles are active: dev
2021-10-28 14:32:27.247 [main] INFO  o.s.d.r.config.RepositoryConfigurationDelegate - Multiple Spring Data modules found, entering strict repository configuration mode!
2021-10-28 14:32:27.249 [main] INFO  o.s.d.r.config.RepositoryConfigurationDelegate - Bootstrapping Spring Data repositories in DEFAULT mode.
2021-10-28 14:32:27.274 [main] INFO  o.s.d.r.config.RepositoryConfigurationDelegate - Finished Spring Data repository scanning in 11ms. Found 0 repository interfaces.
2021-10-28 14:32:27.511 [main] INFO  o.s.c.s.PostProcessorRegistrationDelegate$BeanPostProcessorChecker - Bean 'org.springframework.transaction.annotation.ProxyTransactionManagementConfiguration' of type [org.springframework.transaction.annotation.ProxyTransactionManagementConfiguration] is not eligible for getting processed by all BeanPostProcessors (for example: not eligible for auto-proxying)
2021-10-28 14:32:27.720 [main] INFO  o.s.boot.web.embedded.tomcat.TomcatWebServer - Tomcat initialized with port(s): 8001 (http)
2021-10-28 14:32:27.727 [main] INFO  org.apache.coyote.http11.Http11NioProtocol - Initializing ProtocolHandler ["http-nio-8001"]
2021-10-28 14:32:27.728 [main] INFO  org.apache.catalina.core.StandardService - Starting service [Tomcat]
2021-10-28 14:32:27.728 [main] INFO  org.apache.catalina.core.StandardEngine - Starting Servlet engine: [Apache Tomcat/9.0.27]
2021-10-28 14:32:27.730 [main] INFO  org.apache.catalina.core.AprLifecycleListener - An older version [1.2.14] of the APR based Apache Tomcat Native library is installed, while Tomcat recommends a minimum version of [1.2.23]
2021-10-28 14:32:27.730 [main] INFO  org.apache.catalina.core.AprLifecycleListener - Loaded APR based Apache Tomcat Native library [1.2.14] using APR version [1.6.2].
2021-10-28 14:32:27.730 [main] INFO  org.apache.catalina.core.AprLifecycleListener - APR capabilities: IPv6 [true], sendfile [true], accept filters [false], random [true].
2021-10-28 14:32:27.731 [main] INFO  org.apache.catalina.core.AprLifecycleListener - APR/OpenSSL configuration: useAprConnector [false], useOpenSSL [true]
2021-10-28 14:32:28.770 [main] INFO  org.apache.catalina.core.AprLifecycleListener - OpenSSL successfully initialized [OpenSSL 1.0.2l  25 May 2017]
2021-10-28 14:32:28.882 [main] INFO  o.a.c.core.ContainerBase.[Tomcat].[localhost].[/] - Initializing Spring embedded WebApplicationContext
2021-10-28 14:32:28.882 [main] INFO  org.springframework.web.context.ContextLoader - Root WebApplicationContext: initialization completed in 2402 ms
2021-10-28 14:32:29.072 [main] INFO  com.zaxxer.hikari.HikariDataSource - HikariPool-1 - Starting...
2021-10-28 14:32:29.196 [main] INFO  com.zaxxer.hikari.HikariDataSource - HikariPool-1 - Start completed.
2021-10-28 14:32:29.547 [main] INFO  s.d.s.w.PropertySourcedRequestMappingHandlerMapping - Mapped URL path [/v2/api-docs] onto method [springfox.documentation.swagger2.web.Swagger2Controller#getDocumentation(String, HttpServletRequest)]
2021-10-28 14:32:29.634 [main] INFO  o.s.scheduling.concurrent.ThreadPoolTaskExecutor - Initializing ExecutorService 'applicationTaskExecutor'
2021-10-28 14:32:30.015 [main] INFO  s.d.s.web.plugins.DocumentationPluginsBootstrapper - Context refreshed
2021-10-28 14:32:30.029 [main] INFO  s.d.s.web.plugins.DocumentationPluginsBootstrapper - Found 1 custom documentation plugin(s)
2021-10-28 14:32:30.066 [main] INFO  s.d.spring.web.scanners.ApiListingReferenceScanner - Scanning for api listing references
2021-10-28 14:32:30.211 [main] INFO  org.apache.coyote.http11.Http11NioProtocol - Starting ProtocolHandler ["http-nio-8001"]
2021-10-28 14:32:30.229 [main] INFO  o.s.boot.web.embedded.tomcat.TomcatWebServer - Tomcat started on port(s): 8001 (http) with context path ''
2021-10-28 14:32:30.232 [main] INFO  com.graduate.edu.ServiceEduMain - Started ServiceEduMain in 4.378 seconds (JVM running for 5.449)
2021-10-28 14:32:59.548 [http-nio-8001-exec-1] INFO  o.a.c.core.ContainerBase.[Tomcat].[localhost].[/] - Initializing Spring DispatcherServlet 'dispatcherServlet'
2021-10-28 14:32:59.549 [http-nio-8001-exec-1] INFO  org.springframework.web.servlet.DispatcherServlet - Initializing Servlet 'dispatcherServlet'
2021-10-28 14:32:59.554 [http-nio-8001-exec-1] INFO  org.springframework.web.servlet.DispatcherServlet - Completed initialization in 5 ms
2021-10-28 14:32:59.581 [http-nio-8001-exec-1] INFO  com.graduate.edu.controller.LoginController - 登录请求**************
2021-10-28 14:33:06.480 [http-nio-8001-exec-4] INFO  com.graduate.edu.controller.LoginController - 登录请求**************
2021-10-28 14:33:08.620 [http-nio-8001-exec-6] INFO  com.graduate.edu.controller.LoginController - 登录请求**************
2021-10-28 14:33:08.829 [http-nio-8001-exec-3] INFO  com.graduate.edu.controller.LoginController - 登录请求**************
2021-10-28 14:33:09.515 [http-nio-8001-exec-9] INFO  com.graduate.edu.controller.LoginController - 登录请求**************
2021-10-28 14:33:09.738 [http-nio-8001-exec-2] INFO  com.graduate.edu.controller.LoginController - 登录请求**************
2021-10-28 14:41:55.240 [SpringContextShutdownHook] INFO  o.s.scheduling.concurrent.ThreadPoolTaskExecutor - Shutting down ExecutorService 'applicationTaskExecutor'
2021-10-28 14:41:55.242 [SpringContextShutdownHook] INFO  com.zaxxer.hikari.HikariDataSource - HikariPool-1 - Shutdown initiated...
2021-10-28 14:41:55.246 [SpringContextShutdownHook] INFO  com.zaxxer.hikari.HikariDataSource - HikariPool-1 - Shutdown completed.
2021-10-28 14:42:00.314 [main] INFO  com.graduate.edu.ServiceEduMain - Starting ServiceEduMain on DESKTOP-EU9P6DM with PID 7436 (D:\qq\IDEA\IdeaProjects\graduation_project\great_course\service\service_edu\target\classes started by 17183 in D:\qq\IDEA\IdeaProjects\graduation_project\great_course)
2021-10-28 14:42:00.341 [main] INFO  com.graduate.edu.ServiceEduMain - The following profiles are active: dev
2021-10-28 14:42:01.160 [main] INFO  o.s.d.r.config.RepositoryConfigurationDelegate - Multiple Spring Data modules found, entering strict repository configuration mode!
2021-10-28 14:42:01.163 [main] INFO  o.s.d.r.config.RepositoryConfigurationDelegate - Bootstrapping Spring Data repositories in DEFAULT mode.
2021-10-28 14:42:01.187 [main] INFO  o.s.d.r.config.RepositoryConfigurationDelegate - Finished Spring Data repository scanning in 11ms. Found 0 repository interfaces.
2021-10-28 14:42:01.438 [main] INFO  o.s.c.s.PostProcessorRegistrationDelegate$BeanPostProcessorChecker - Bean 'org.springframework.transaction.annotation.ProxyTransactionManagementConfiguration' of type [org.springframework.transaction.annotation.ProxyTransactionManagementConfiguration] is not eligible for getting processed by all BeanPostProcessors (for example: not eligible for auto-proxying)
2021-10-28 14:42:01.705 [main] INFO  o.s.boot.web.embedded.tomcat.TomcatWebServer - Tomcat initialized with port(s): 8001 (http)
2021-10-28 14:42:01.715 [main] INFO  org.apache.coyote.http11.Http11NioProtocol - Initializing ProtocolHandler ["http-nio-8001"]
2021-10-28 14:42:01.715 [main] INFO  org.apache.catalina.core.StandardService - Starting service [Tomcat]
2021-10-28 14:42:01.716 [main] INFO  org.apache.catalina.core.StandardEngine - Starting Servlet engine: [Apache Tomcat/9.0.27]
2021-10-28 14:42:01.717 [main] INFO  org.apache.catalina.core.AprLifecycleListener - An older version [1.2.14] of the APR based Apache Tomcat Native library is installed, while Tomcat recommends a minimum version of [1.2.23]
2021-10-28 14:42:01.718 [main] INFO  org.apache.catalina.core.AprLifecycleListener - Loaded APR based Apache Tomcat Native library [1.2.14] using APR version [1.6.2].
2021-10-28 14:42:01.718 [main] INFO  org.apache.catalina.core.AprLifecycleListener - APR capabilities: IPv6 [true], sendfile [true], accept filters [false], random [true].
2021-10-28 14:42:01.718 [main] INFO  org.apache.catalina.core.AprLifecycleListener - APR/OpenSSL configuration: useAprConnector [false], useOpenSSL [true]
2021-10-28 14:42:02.756 [main] INFO  org.apache.catalina.core.AprLifecycleListener - OpenSSL successfully initialized [OpenSSL 1.0.2l  25 May 2017]
2021-10-28 14:42:02.879 [main] INFO  o.a.c.core.ContainerBase.[Tomcat].[localhost].[/] - Initializing Spring embedded WebApplicationContext
2021-10-28 14:42:02.879 [main] INFO  org.springframework.web.context.ContextLoader - Root WebApplicationContext: initialization completed in 2501 ms
2021-10-28 14:42:03.103 [main] INFO  com.zaxxer.hikari.HikariDataSource - HikariPool-1 - Starting...
2021-10-28 14:42:03.254 [main] INFO  com.zaxxer.hikari.HikariDataSource - HikariPool-1 - Start completed.
2021-10-28 14:42:03.681 [main] INFO  s.d.s.w.PropertySourcedRequestMappingHandlerMapping - Mapped URL path [/v2/api-docs] onto method [springfox.documentation.swagger2.web.Swagger2Controller#getDocumentation(String, HttpServletRequest)]
2021-10-28 14:42:03.786 [main] INFO  o.s.scheduling.concurrent.ThreadPoolTaskExecutor - Initializing ExecutorService 'applicationTaskExecutor'
2021-10-28 14:42:04.259 [main] INFO  s.d.s.web.plugins.DocumentationPluginsBootstrapper - Context refreshed
2021-10-28 14:42:04.277 [main] INFO  s.d.s.web.plugins.DocumentationPluginsBootstrapper - Found 1 custom documentation plugin(s)
2021-10-28 14:42:04.313 [main] INFO  s.d.spring.web.scanners.ApiListingReferenceScanner - Scanning for api listing references
2021-10-28 14:42:04.498 [main] INFO  org.apache.coyote.http11.Http11NioProtocol - Starting ProtocolHandler ["http-nio-8001"]
2021-10-28 14:42:04.522 [main] INFO  o.s.boot.web.embedded.tomcat.TomcatWebServer - Tomcat started on port(s): 8001 (http) with context path ''
2021-10-28 14:42:04.525 [main] INFO  com.graduate.edu.ServiceEduMain - Started ServiceEduMain in 4.719 seconds (JVM running for 5.619)
2021-10-28 14:42:55.461 [http-nio-8001-exec-1] INFO  o.a.c.core.ContainerBase.[Tomcat].[localhost].[/] - Initializing Spring DispatcherServlet 'dispatcherServlet'
2021-10-28 14:42:55.462 [http-nio-8001-exec-1] INFO  org.springframework.web.servlet.DispatcherServlet - Initializing Servlet 'dispatcherServlet'
2021-10-28 14:42:55.468 [http-nio-8001-exec-1] INFO  org.springframework.web.servlet.DispatcherServlet - Completed initialization in 6 ms
2021-10-28 14:42:55.494 [http-nio-8001-exec-1] INFO  com.graduate.edu.controller.LoginController - 登录请求**************
2021-10-28 15:09:06.305 [SpringContextShutdownHook] INFO  o.s.scheduling.concurrent.ThreadPoolTaskExecutor - Shutting down ExecutorService 'applicationTaskExecutor'
2021-10-28 15:09:06.306 [SpringContextShutdownHook] INFO  com.zaxxer.hikari.HikariDataSource - HikariPool-1 - Shutdown initiated...
2021-10-28 15:09:06.309 [SpringContextShutdownHook] INFO  com.zaxxer.hikari.HikariDataSource - HikariPool-1 - Shutdown completed.
2021-10-28 19:19:11.346 [main] INFO  com.graduate.edu.ServiceEduMain - Starting ServiceEduMain on DESKTOP-EU9P6DM with PID 11204 (D:\qq\IDEA\IdeaProjects\graduation_project\great_course\service\service_edu\target\classes started by 17183 in D:\qq\IDEA\IdeaProjects\graduation_project\great_course)
2021-10-28 19:19:11.349 [main] INFO  com.graduate.edu.ServiceEduMain - The following profiles are active: dev
2021-10-28 19:19:12.202 [main] INFO  o.s.d.r.config.RepositoryConfigurationDelegate - Multiple Spring Data modules found, entering strict repository configuration mode!
2021-10-28 19:19:12.205 [main] INFO  o.s.d.r.config.RepositoryConfigurationDelegate - Bootstrapping Spring Data repositories in DEFAULT mode.
2021-10-28 19:19:12.232 [main] INFO  o.s.d.r.config.RepositoryConfigurationDelegate - Finished Spring Data repository scanning in 12ms. Found 0 repository interfaces.
2021-10-28 19:19:12.472 [main] INFO  o.s.c.s.PostProcessorRegistrationDelegate$BeanPostProcessorChecker - Bean 'org.springframework.transaction.annotation.ProxyTransactionManagementConfiguration' of type [org.springframework.transaction.annotation.ProxyTransactionManagementConfiguration] is not eligible for getting processed by all BeanPostProcessors (for example: not eligible for auto-proxying)
2021-10-28 19:19:12.691 [main] INFO  o.s.boot.web.embedded.tomcat.TomcatWebServer - Tomcat initialized with port(s): 8001 (http)
2021-10-28 19:19:12.701 [main] INFO  org.apache.coyote.http11.Http11NioProtocol - Initializing ProtocolHandler ["http-nio-8001"]
2021-10-28 19:19:12.702 [main] INFO  org.apache.catalina.core.StandardService - Starting service [Tomcat]
2021-10-28 19:19:12.702 [main] INFO  org.apache.catalina.core.StandardEngine - Starting Servlet engine: [Apache Tomcat/9.0.27]
2021-10-28 19:19:12.703 [main] INFO  org.apache.catalina.core.AprLifecycleListener - An older version [1.2.14] of the APR based Apache Tomcat Native library is installed, while Tomcat recommends a minimum version of [1.2.23]
2021-10-28 19:19:12.704 [main] INFO  org.apache.catalina.core.AprLifecycleListener - Loaded APR based Apache Tomcat Native library [1.2.14] using APR version [1.6.2].
2021-10-28 19:19:12.704 [main] INFO  org.apache.catalina.core.AprLifecycleListener - APR capabilities: IPv6 [true], sendfile [true], accept filters [false], random [true].
2021-10-28 19:19:12.704 [main] INFO  org.apache.catalina.core.AprLifecycleListener - APR/OpenSSL configuration: useAprConnector [false], useOpenSSL [true]
2021-10-28 19:19:13.756 [main] INFO  org.apache.catalina.core.AprLifecycleListener - OpenSSL successfully initialized [OpenSSL 1.0.2l  25 May 2017]
2021-10-28 19:19:13.879 [main] INFO  o.a.c.core.ContainerBase.[Tomcat].[localhost].[/] - Initializing Spring embedded WebApplicationContext
2021-10-28 19:19:13.879 [main] INFO  org.springframework.web.context.ContextLoader - Root WebApplicationContext: initialization completed in 2471 ms
2021-10-28 19:19:14.058 [main] INFO  com.zaxxer.hikari.HikariDataSource - HikariPool-1 - Starting...
2021-10-28 19:19:14.207 [main] INFO  com.zaxxer.hikari.HikariDataSource - HikariPool-1 - Start completed.
2021-10-28 19:19:14.563 [main] INFO  s.d.s.w.PropertySourcedRequestMappingHandlerMapping - Mapped URL path [/v2/api-docs] onto method [springfox.documentation.swagger2.web.Swagger2Controller#getDocumentation(String, HttpServletRequest)]
2021-10-28 19:19:14.645 [main] INFO  o.s.scheduling.concurrent.ThreadPoolTaskExecutor - Initializing ExecutorService 'applicationTaskExecutor'
2021-10-28 19:19:15.033 [main] INFO  s.d.s.web.plugins.DocumentationPluginsBootstrapper - Context refreshed
2021-10-28 19:19:15.052 [main] INFO  s.d.s.web.plugins.DocumentationPluginsBootstrapper - Found 1 custom documentation plugin(s)
2021-10-28 19:19:15.091 [main] INFO  s.d.spring.web.scanners.ApiListingReferenceScanner - Scanning for api listing references
2021-10-28 19:19:15.270 [main] INFO  org.apache.coyote.http11.Http11NioProtocol - Starting ProtocolHandler ["http-nio-8001"]
2021-10-28 19:19:15.289 [main] INFO  o.s.boot.web.embedded.tomcat.TomcatWebServer - Tomcat started on port(s): 8001 (http) with context path ''
2021-10-28 19:19:15.291 [main] INFO  com.graduate.edu.ServiceEduMain - Started ServiceEduMain in 4.424 seconds (JVM running for 5.473)
2021-10-28 19:21:32.211 [http-nio-8001-exec-1] INFO  o.a.c.core.ContainerBase.[Tomcat].[localhost].[/] - Initializing Spring DispatcherServlet 'dispatcherServlet'
2021-10-28 19:21:32.212 [http-nio-8001-exec-1] INFO  org.springframework.web.servlet.DispatcherServlet - Initializing Servlet 'dispatcherServlet'
2021-10-28 19:21:32.218 [http-nio-8001-exec-1] INFO  org.springframework.web.servlet.DispatcherServlet - Completed initialization in 6 ms
2021-10-28 20:39:09.172 [SpringContextShutdownHook] INFO  o.s.scheduling.concurrent.ThreadPoolTaskExecutor - Shutting down ExecutorService 'applicationTaskExecutor'
2021-10-28 20:39:09.175 [SpringContextShutdownHook] INFO  com.zaxxer.hikari.HikariDataSource - HikariPool-1 - Shutdown initiated...
2021-10-28 20:39:09.180 [SpringContextShutdownHook] INFO  com.zaxxer.hikari.HikariDataSource - HikariPool-1 - Shutdown completed.
2021-10-28 20:39:15.295 [main] INFO  com.graduate.edu.ServiceEduMain - Starting ServiceEduMain on DESKTOP-EU9P6DM with PID 10528 (D:\qq\IDEA\IdeaProjects\graduation_project\great_course\service\service_edu\target\classes started by 17183 in D:\qq\IDEA\IdeaProjects\graduation_project\great_course)
2021-10-28 20:39:15.298 [main] INFO  com.graduate.edu.ServiceEduMain - The following profiles are active: dev
2021-10-28 20:39:16.039 [main] INFO  o.s.d.r.config.RepositoryConfigurationDelegate - Multiple Spring Data modules found, entering strict repository configuration mode!
2021-10-28 20:39:16.042 [main] INFO  o.s.d.r.config.RepositoryConfigurationDelegate - Bootstrapping Spring Data repositories in DEFAULT mode.
2021-10-28 20:39:16.066 [main] INFO  o.s.d.r.config.RepositoryConfigurationDelegate - Finished Spring Data repository scanning in 11ms. Found 0 repository interfaces.
2021-10-28 20:39:16.288 [main] INFO  o.s.c.s.PostProcessorRegistrationDelegate$BeanPostProcessorChecker - Bean 'org.springframework.transaction.annotation.ProxyTransactionManagementConfiguration' of type [org.springframework.transaction.annotation.ProxyTransactionManagementConfiguration] is not eligible for getting processed by all BeanPostProcessors (for example: not eligible for auto-proxying)
2021-10-28 20:39:16.492 [main] INFO  o.s.boot.web.embedded.tomcat.TomcatWebServer - Tomcat initialized with port(s): 8001 (http)
2021-10-28 20:39:16.501 [main] INFO  org.apache.coyote.http11.Http11NioProtocol - Initializing ProtocolHandler ["http-nio-8001"]
2021-10-28 20:39:16.502 [main] INFO  org.apache.catalina.core.StandardService - Starting service [Tomcat]
2021-10-28 20:39:16.502 [main] INFO  org.apache.catalina.core.StandardEngine - Starting Servlet engine: [Apache Tomcat/9.0.27]
2021-10-28 20:39:16.504 [main] INFO  org.apache.catalina.core.AprLifecycleListener - An older version [1.2.14] of the APR based Apache Tomcat Native library is installed, while Tomcat recommends a minimum version of [1.2.23]
2021-10-28 20:39:16.505 [main] INFO  org.apache.catalina.core.AprLifecycleListener - Loaded APR based Apache Tomcat Native library [1.2.14] using APR version [1.6.2].
2021-10-28 20:39:16.505 [main] INFO  org.apache.catalina.core.AprLifecycleListener - APR capabilities: IPv6 [true], sendfile [true], accept filters [false], random [true].
2021-10-28 20:39:16.505 [main] INFO  org.apache.catalina.core.AprLifecycleListener - APR/OpenSSL configuration: useAprConnector [false], useOpenSSL [true]
2021-10-28 20:39:17.549 [main] INFO  org.apache.catalina.core.AprLifecycleListener - OpenSSL successfully initialized [OpenSSL 1.0.2l  25 May 2017]
2021-10-28 20:39:17.662 [main] INFO  o.a.c.core.ContainerBase.[Tomcat].[localhost].[/] - Initializing Spring embedded WebApplicationContext
2021-10-28 20:39:17.663 [main] INFO  org.springframework.web.context.ContextLoader - Root WebApplicationContext: initialization completed in 2331 ms
2021-10-28 20:39:17.864 [main] INFO  com.zaxxer.hikari.HikariDataSource - HikariPool-1 - Starting...
2021-10-28 20:39:17.995 [main] INFO  com.zaxxer.hikari.HikariDataSource - HikariPool-1 - Start completed.
2021-10-28 20:39:18.360 [main] INFO  s.d.s.w.PropertySourcedRequestMappingHandlerMapping - Mapped URL path [/v2/api-docs] onto method [springfox.documentation.swagger2.web.Swagger2Controller#getDocumentation(String, HttpServletRequest)]
2021-10-28 20:39:18.447 [main] INFO  o.s.scheduling.concurrent.ThreadPoolTaskExecutor - Initializing ExecutorService 'applicationTaskExecutor'
2021-10-28 20:39:18.853 [main] INFO  s.d.s.web.plugins.DocumentationPluginsBootstrapper - Context refreshed
2021-10-28 20:39:18.867 [main] INFO  s.d.s.web.plugins.DocumentationPluginsBootstrapper - Found 1 custom documentation plugin(s)
2021-10-28 20:39:18.893 [main] INFO  s.d.spring.web.scanners.ApiListingReferenceScanner - Scanning for api listing references
2021-10-28 20:39:19.039 [main] INFO  org.apache.coyote.http11.Http11NioProtocol - Starting ProtocolHandler ["http-nio-8001"]
2021-10-28 20:39:19.058 [main] INFO  o.s.boot.web.embedded.tomcat.TomcatWebServer - Tomcat started on port(s): 8001 (http) with context path ''
2021-10-28 20:39:19.060 [main] INFO  com.graduate.edu.ServiceEduMain - Started ServiceEduMain in 4.332 seconds (JVM running for 5.287)
2021-10-28 20:39:25.012 [http-nio-8001-exec-1] INFO  o.a.c.core.ContainerBase.[Tomcat].[localhost].[/] - Initializing Spring DispatcherServlet 'dispatcherServlet'
2021-10-28 20:39:25.013 [http-nio-8001-exec-1] INFO  org.springframework.web.servlet.DispatcherServlet - Initializing Servlet 'dispatcherServlet'
2021-10-28 20:39:25.020 [http-nio-8001-exec-1] INFO  org.springframework.web.servlet.DispatcherServlet - Completed initialization in 7 ms
2021-10-28 20:48:33.165 [SpringContextShutdownHook] INFO  o.s.scheduling.concurrent.ThreadPoolTaskExecutor - Shutting down ExecutorService 'applicationTaskExecutor'
2021-10-28 20:48:33.166 [SpringContextShutdownHook] INFO  com.zaxxer.hikari.HikariDataSource - HikariPool-1 - Shutdown initiated...
2021-10-28 20:48:33.170 [SpringContextShutdownHook] INFO  com.zaxxer.hikari.HikariDataSource - HikariPool-1 - Shutdown completed.
2021-10-28 20:48:36.737 [main] INFO  com.graduate.edu.ServiceEduMain - Starting ServiceEduMain on DESKTOP-EU9P6DM with PID 13056 (D:\qq\IDEA\IdeaProjects\graduation_project\great_course\service\service_edu\target\classes started by 17183 in D:\qq\IDEA\IdeaProjects\graduation_project\great_course)
2021-10-28 20:48:36.740 [main] INFO  com.graduate.edu.ServiceEduMain - The following profiles are active: dev
2021-10-28 20:48:37.594 [main] INFO  o.s.d.r.config.RepositoryConfigurationDelegate - Multiple Spring Data modules found, entering strict repository configuration mode!
2021-10-28 20:48:37.596 [main] INFO  o.s.d.r.config.RepositoryConfigurationDelegate - Bootstrapping Spring Data repositories in DEFAULT mode.
2021-10-28 20:48:37.621 [main] INFO  o.s.d.r.config.RepositoryConfigurationDelegate - Finished Spring Data repository scanning in 11ms. Found 0 repository interfaces.
2021-10-28 20:48:37.944 [main] INFO  o.s.c.s.PostProcessorRegistrationDelegate$BeanPostProcessorChecker - Bean 'org.springframework.transaction.annotation.ProxyTransactionManagementConfiguration' of type [org.springframework.transaction.annotation.ProxyTransactionManagementConfiguration] is not eligible for getting processed by all BeanPostProcessors (for example: not eligible for auto-proxying)
2021-10-28 20:48:38.183 [main] INFO  o.s.boot.web.embedded.tomcat.TomcatWebServer - Tomcat initialized with port(s): 8001 (http)
2021-10-28 20:48:38.192 [main] INFO  org.apache.coyote.http11.Http11NioProtocol - Initializing ProtocolHandler ["http-nio-8001"]
2021-10-28 20:48:38.193 [main] INFO  org.apache.catalina.core.StandardService - Starting service [Tomcat]
2021-10-28 20:48:38.193 [main] INFO  org.apache.catalina.core.StandardEngine - Starting Servlet engine: [Apache Tomcat/9.0.27]
2021-10-28 20:48:38.195 [main] INFO  org.apache.catalina.core.AprLifecycleListener - An older version [1.2.14] of the APR based Apache Tomcat Native library is installed, while Tomcat recommends a minimum version of [1.2.23]
2021-10-28 20:48:38.195 [main] INFO  org.apache.catalina.core.AprLifecycleListener - Loaded APR based Apache Tomcat Native library [1.2.14] using APR version [1.6.2].
2021-10-28 20:48:38.195 [main] INFO  org.apache.catalina.core.AprLifecycleListener - APR capabilities: IPv6 [true], sendfile [true], accept filters [false], random [true].
2021-10-28 20:48:38.196 [main] INFO  org.apache.catalina.core.AprLifecycleListener - APR/OpenSSL configuration: useAprConnector [false], useOpenSSL [true]
2021-10-28 20:48:39.241 [main] INFO  org.apache.catalina.core.AprLifecycleListener - OpenSSL successfully initialized [OpenSSL 1.0.2l  25 May 2017]
2021-10-28 20:48:39.386 [main] INFO  o.a.c.core.ContainerBase.[Tomcat].[localhost].[/] - Initializing Spring embedded WebApplicationContext
2021-10-28 20:48:39.386 [main] INFO  org.springframework.web.context.ContextLoader - Root WebApplicationContext: initialization completed in 2608 ms
2021-10-28 20:48:39.605 [main] INFO  com.zaxxer.hikari.HikariDataSource - HikariPool-1 - Starting...
2021-10-28 20:48:39.754 [main] INFO  com.zaxxer.hikari.HikariDataSource - HikariPool-1 - Start completed.
2021-10-28 20:48:40.200 [main] INFO  s.d.s.w.PropertySourcedRequestMappingHandlerMapping - Mapped URL path [/v2/api-docs] onto method [springfox.documentation.swagger2.web.Swagger2Controller#getDocumentation(String, HttpServletRequest)]
2021-10-28 20:48:40.284 [main] INFO  o.s.scheduling.concurrent.ThreadPoolTaskExecutor - Initializing ExecutorService 'applicationTaskExecutor'
2021-10-28 20:48:40.736 [main] INFO  s.d.s.web.plugins.DocumentationPluginsBootstrapper - Context refreshed
2021-10-28 20:48:40.756 [main] INFO  s.d.s.web.plugins.DocumentationPluginsBootstrapper - Found 1 custom documentation plugin(s)
2021-10-28 20:48:40.798 [main] INFO  s.d.spring.web.scanners.ApiListingReferenceScanner - Scanning for api listing references
2021-10-28 20:48:41.023 [main] INFO  org.apache.coyote.http11.Http11NioProtocol - Starting ProtocolHandler ["http-nio-8001"]
2021-10-28 20:48:41.050 [main] INFO  o.s.boot.web.embedded.tomcat.TomcatWebServer - Tomcat started on port(s): 8001 (http) with context path ''
2021-10-28 20:48:41.053 [main] INFO  com.graduate.edu.ServiceEduMain - Started ServiceEduMain in 4.88 seconds (JVM running for 5.9)
2021-10-28 20:48:41.241 [main] INFO  com.graduate.edu.ServiceEduMain - Starting ServiceEduMain on DESKTOP-EU9P6DM with PID 16576 (D:\qq\IDEA\IdeaProjects\graduation_project\great_course\service\service_edu\target\classes started by 17183 in D:\qq\IDEA\IdeaProjects\graduation_project\great_course)
2021-10-28 20:48:41.244 [main] INFO  com.graduate.edu.ServiceEduMain - The following profiles are active: dev
2021-10-28 20:48:42.156 [main] INFO  o.s.d.r.config.RepositoryConfigurationDelegate - Multiple Spring Data modules found, entering strict repository configuration mode!
2021-10-28 20:48:42.158 [main] INFO  o.s.d.r.config.RepositoryConfigurationDelegate - Bootstrapping Spring Data repositories in DEFAULT mode.
2021-10-28 20:48:42.182 [main] INFO  o.s.d.r.config.RepositoryConfigurationDelegate - Finished Spring Data repository scanning in 11ms. Found 0 repository interfaces.
2021-10-28 20:48:42.553 [main] INFO  o.s.c.s.PostProcessorRegistrationDelegate$BeanPostProcessorChecker - Bean 'org.springframework.transaction.annotation.ProxyTransactionManagementConfiguration' of type [org.springframework.transaction.annotation.ProxyTransactionManagementConfiguration] is not eligible for getting processed by all BeanPostProcessors (for example: not eligible for auto-proxying)
2021-10-28 20:48:42.823 [main] INFO  o.s.boot.web.embedded.tomcat.TomcatWebServer - Tomcat initialized with port(s): 8001 (http)
2021-10-28 20:48:42.834 [main] INFO  org.apache.coyote.http11.Http11NioProtocol - Initializing ProtocolHandler ["http-nio-8001"]
2021-10-28 20:48:42.835 [main] INFO  org.apache.catalina.core.StandardService - Starting service [Tomcat]
2021-10-28 20:48:42.835 [main] INFO  org.apache.catalina.core.StandardEngine - Starting Servlet engine: [Apache Tomcat/9.0.27]
2021-10-28 20:48:42.838 [main] INFO  org.apache.catalina.core.AprLifecycleListener - An older version [1.2.14] of the APR based Apache Tomcat Native library is installed, while Tomcat recommends a minimum version of [1.2.23]
2021-10-28 20:48:42.838 [main] INFO  org.apache.catalina.core.AprLifecycleListener - Loaded APR based Apache Tomcat Native library [1.2.14] using APR version [1.6.2].
2021-10-28 20:48:42.838 [main] INFO  org.apache.catalina.core.AprLifecycleListener - APR capabilities: IPv6 [true], sendfile [true], accept filters [false], random [true].
2021-10-28 20:48:42.838 [main] INFO  org.apache.catalina.core.AprLifecycleListener - APR/OpenSSL configuration: useAprConnector [false], useOpenSSL [true]
2021-10-28 20:48:43.883 [main] INFO  org.apache.catalina.core.AprLifecycleListener - OpenSSL successfully initialized [OpenSSL 1.0.2l  25 May 2017]
2021-10-28 20:48:44.011 [main] INFO  o.a.c.core.ContainerBase.[Tomcat].[localhost].[/] - Initializing Spring embedded WebApplicationContext
2021-10-28 20:48:44.011 [main] INFO  org.springframework.web.context.ContextLoader - Root WebApplicationContext: initialization completed in 2722 ms
2021-10-28 20:48:44.272 [main] INFO  com.zaxxer.hikari.HikariDataSource - HikariPool-1 - Starting...
2021-10-28 20:48:44.388 [main] INFO  com.zaxxer.hikari.HikariDataSource - HikariPool-1 - Start completed.
2021-10-28 20:48:44.792 [main] INFO  s.d.s.w.PropertySourcedRequestMappingHandlerMapping - Mapped URL path [/v2/api-docs] onto method [springfox.documentation.swagger2.web.Swagger2Controller#getDocumentation(String, HttpServletRequest)]
2021-10-28 20:48:44.888 [main] INFO  o.s.scheduling.concurrent.ThreadPoolTaskExecutor - Initializing ExecutorService 'applicationTaskExecutor'
2021-10-28 20:48:45.368 [main] INFO  s.d.s.web.plugins.DocumentationPluginsBootstrapper - Context refreshed
2021-10-28 20:48:45.384 [main] INFO  s.d.s.web.plugins.DocumentationPluginsBootstrapper - Found 1 custom documentation plugin(s)
2021-10-28 20:48:45.419 [main] INFO  s.d.spring.web.scanners.ApiListingReferenceScanner - Scanning for api listing references
2021-10-28 20:48:45.582 [main] INFO  org.apache.coyote.http11.Http11NioProtocol - Starting ProtocolHandler ["http-nio-8001"]
2021-10-28 20:48:45.594 [main] INFO  org.apache.coyote.http11.Http11NioProtocol - Pausing ProtocolHandler ["http-nio-8001"]
2021-10-28 20:48:45.594 [main] INFO  org.apache.catalina.core.StandardService - Stopping service [Tomcat]
2021-10-28 20:48:45.598 [main] INFO  org.apache.coyote.http11.Http11NioProtocol - Stopping ProtocolHandler ["http-nio-8001"]
2021-10-28 20:48:45.599 [main] INFO  org.apache.coyote.http11.Http11NioProtocol - Destroying ProtocolHandler ["http-nio-8001"]
2021-10-28 20:48:45.633 [main] INFO  o.s.b.a.l.ConditionEvaluationReportLoggingListener - 

Error starting ApplicationContext. To display the conditions report re-run your application with 'debug' enabled.
2021-10-28 20:48:45.663 [main] INFO  o.s.scheduling.concurrent.ThreadPoolTaskExecutor - Shutting down ExecutorService 'applicationTaskExecutor'
2021-10-28 20:48:45.665 [main] INFO  com.zaxxer.hikari.HikariDataSource - HikariPool-1 - Shutdown initiated...
2021-10-28 20:48:45.671 [main] INFO  com.zaxxer.hikari.HikariDataSource - HikariPool-1 - Shutdown completed.
2021-10-28 20:48:48.227 [SpringContextShutdownHook] INFO  o.s.scheduling.concurrent.ThreadPoolTaskExecutor - Shutting down ExecutorService 'applicationTaskExecutor'
2021-10-28 20:48:48.229 [SpringContextShutdownHook] INFO  com.zaxxer.hikari.HikariDataSource - HikariPool-1 - Shutdown initiated...
2021-10-28 20:48:48.232 [SpringContextShutdownHook] INFO  com.zaxxer.hikari.HikariDataSource - HikariPool-1 - Shutdown completed.
2021-10-28 20:48:58.870 [main] INFO  com.graduate.edu.ServiceEduMain - Starting ServiceEduMain on DESKTOP-EU9P6DM with PID 17680 (D:\qq\IDEA\IdeaProjects\graduation_project\great_course\service\service_edu\target\classes started by 17183 in D:\qq\IDEA\IdeaProjects\graduation_project\great_course)
2021-10-28 20:48:58.873 [main] INFO  com.graduate.edu.ServiceEduMain - The following profiles are active: dev
2021-10-28 20:48:59.699 [main] INFO  o.s.d.r.config.RepositoryConfigurationDelegate - Multiple Spring Data modules found, entering strict repository configuration mode!
2021-10-28 20:48:59.701 [main] INFO  o.s.d.r.config.RepositoryConfigurationDelegate - Bootstrapping Spring Data repositories in DEFAULT mode.
2021-10-28 20:48:59.725 [main] INFO  o.s.d.r.config.RepositoryConfigurationDelegate - Finished Spring Data repository scanning in 11ms. Found 0 repository interfaces.
2021-10-28 20:48:59.983 [main] INFO  o.s.c.s.PostProcessorRegistrationDelegate$BeanPostProcessorChecker - Bean 'org.springframework.transaction.annotation.ProxyTransactionManagementConfiguration' of type [org.springframework.transaction.annotation.ProxyTransactionManagementConfiguration] is not eligible for getting processed by all BeanPostProcessors (for example: not eligible for auto-proxying)
2021-10-28 20:49:00.228 [main] INFO  o.s.boot.web.embedded.tomcat.TomcatWebServer - Tomcat initialized with port(s): 8001 (http)
2021-10-28 20:49:00.237 [main] INFO  org.apache.coyote.http11.Http11NioProtocol - Initializing ProtocolHandler ["http-nio-8001"]
2021-10-28 20:49:00.237 [main] INFO  org.apache.catalina.core.StandardService - Starting service [Tomcat]
2021-10-28 20:49:00.238 [main] INFO  org.apache.catalina.core.StandardEngine - Starting Servlet engine: [Apache Tomcat/9.0.27]
2021-10-28 20:49:00.239 [main] INFO  org.apache.catalina.core.AprLifecycleListener - An older version [1.2.14] of the APR based Apache Tomcat Native library is installed, while Tomcat recommends a minimum version of [1.2.23]
2021-10-28 20:49:00.239 [main] INFO  org.apache.catalina.core.AprLifecycleListener - Loaded APR based Apache Tomcat Native library [1.2.14] using APR version [1.6.2].
2021-10-28 20:49:00.240 [main] INFO  org.apache.catalina.core.AprLifecycleListener - APR capabilities: IPv6 [true], sendfile [true], accept filters [false], random [true].
2021-10-28 20:49:00.240 [main] INFO  org.apache.catalina.core.AprLifecycleListener - APR/OpenSSL configuration: useAprConnector [false], useOpenSSL [true]
2021-10-28 20:49:01.297 [main] INFO  org.apache.catalina.core.AprLifecycleListener - OpenSSL successfully initialized [OpenSSL 1.0.2l  25 May 2017]
2021-10-28 20:49:01.422 [main] INFO  o.a.c.core.ContainerBase.[Tomcat].[localhost].[/] - Initializing Spring embedded WebApplicationContext
2021-10-28 20:49:01.423 [main] INFO  org.springframework.web.context.ContextLoader - Root WebApplicationContext: initialization completed in 2513 ms
2021-10-28 20:49:01.668 [main] INFO  com.zaxxer.hikari.HikariDataSource - HikariPool-1 - Starting...
2021-10-28 20:49:01.778 [main] INFO  com.zaxxer.hikari.HikariDataSource - HikariPool-1 - Start completed.
2021-10-28 20:49:02.203 [main] INFO  s.d.s.w.PropertySourcedRequestMappingHandlerMapping - Mapped URL path [/v2/api-docs] onto method [springfox.documentation.swagger2.web.Swagger2Controller#getDocumentation(String, HttpServletRequest)]
2021-10-28 20:49:02.311 [main] INFO  o.s.scheduling.concurrent.ThreadPoolTaskExecutor - Initializing ExecutorService 'applicationTaskExecutor'
2021-10-28 20:49:02.779 [main] INFO  s.d.s.web.plugins.DocumentationPluginsBootstrapper - Context refreshed
2021-10-28 20:49:02.795 [main] INFO  s.d.s.web.plugins.DocumentationPluginsBootstrapper - Found 1 custom documentation plugin(s)
2021-10-28 20:49:02.830 [main] INFO  s.d.spring.web.scanners.ApiListingReferenceScanner - Scanning for api listing references
2021-10-28 20:49:03.001 [main] INFO  org.apache.coyote.http11.Http11NioProtocol - Starting ProtocolHandler ["http-nio-8001"]
2021-10-28 20:49:03.022 [main] INFO  o.s.boot.web.embedded.tomcat.TomcatWebServer - Tomcat started on port(s): 8001 (http) with context path ''
2021-10-28 20:49:03.025 [main] INFO  com.graduate.edu.ServiceEduMain - Started ServiceEduMain in 4.746 seconds (JVM running for 5.819)
2021-10-28 20:50:26.257 [http-nio-8001-exec-1] INFO  o.a.c.core.ContainerBase.[Tomcat].[localhost].[/] - Initializing Spring DispatcherServlet 'dispatcherServlet'
2021-10-28 20:50:26.257 [http-nio-8001-exec-1] INFO  org.springframework.web.servlet.DispatcherServlet - Initializing Servlet 'dispatcherServlet'
2021-10-28 20:50:26.264 [http-nio-8001-exec-1] INFO  org.springframework.web.servlet.DispatcherServlet - Completed initialization in 6 ms
2021-10-28 20:52:51.385 [SpringContextShutdownHook] INFO  o.s.scheduling.concurrent.ThreadPoolTaskExecutor - Shutting down ExecutorService 'applicationTaskExecutor'
2021-10-28 20:52:51.387 [SpringContextShutdownHook] INFO  com.zaxxer.hikari.HikariDataSource - HikariPool-1 - Shutdown initiated...
2021-10-28 20:52:51.389 [SpringContextShutdownHook] INFO  com.zaxxer.hikari.HikariDataSource - HikariPool-1 - Shutdown completed.
2021-10-28 20:52:56.796 [main] INFO  com.graduate.edu.ServiceEduMain - Starting ServiceEduMain on DESKTOP-EU9P6DM with PID 15308 (D:\qq\IDEA\IdeaProjects\graduation_project\great_course\service\service_edu\target\classes started by 17183 in D:\qq\IDEA\IdeaProjects\graduation_project\great_course)
2021-10-28 20:52:56.799 [main] INFO  com.graduate.edu.ServiceEduMain - The following profiles are active: dev
2021-10-28 20:52:57.543 [main] INFO  o.s.d.r.config.RepositoryConfigurationDelegate - Multiple Spring Data modules found, entering strict repository configuration mode!
2021-10-28 20:52:57.545 [main] INFO  o.s.d.r.config.RepositoryConfigurationDelegate - Bootstrapping Spring Data repositories in DEFAULT mode.
2021-10-28 20:52:57.568 [main] INFO  o.s.d.r.config.RepositoryConfigurationDelegate - Finished Spring Data repository scanning in 11ms. Found 0 repository interfaces.
2021-10-28 20:52:57.789 [main] INFO  o.s.c.s.PostProcessorRegistrationDelegate$BeanPostProcessorChecker - Bean 'org.springframework.transaction.annotation.ProxyTransactionManagementConfiguration' of type [org.springframework.transaction.annotation.ProxyTransactionManagementConfiguration] is not eligible for getting processed by all BeanPostProcessors (for example: not eligible for auto-proxying)
2021-10-28 20:52:57.991 [main] INFO  o.s.boot.web.embedded.tomcat.TomcatWebServer - Tomcat initialized with port(s): 8001 (http)
2021-10-28 20:52:57.998 [main] INFO  org.apache.coyote.http11.Http11NioProtocol - Initializing ProtocolHandler ["http-nio-8001"]
2021-10-28 20:52:57.998 [main] INFO  org.apache.catalina.core.StandardService - Starting service [Tomcat]
2021-10-28 20:52:58.000 [main] INFO  org.apache.catalina.core.StandardEngine - Starting Servlet engine: [Apache Tomcat/9.0.27]
2021-10-28 20:52:58.001 [main] INFO  org.apache.catalina.core.AprLifecycleListener - An older version [1.2.14] of the APR based Apache Tomcat Native library is installed, while Tomcat recommends a minimum version of [1.2.23]
2021-10-28 20:52:58.001 [main] INFO  org.apache.catalina.core.AprLifecycleListener - Loaded APR based Apache Tomcat Native library [1.2.14] using APR version [1.6.2].
2021-10-28 20:52:58.001 [main] INFO  org.apache.catalina.core.AprLifecycleListener - APR capabilities: IPv6 [true], sendfile [true], accept filters [false], random [true].
2021-10-28 20:52:58.001 [main] INFO  org.apache.catalina.core.AprLifecycleListener - APR/OpenSSL configuration: useAprConnector [false], useOpenSSL [true]
2021-10-28 20:52:59.031 [main] INFO  org.apache.catalina.core.AprLifecycleListener - OpenSSL successfully initialized [OpenSSL 1.0.2l  25 May 2017]
2021-10-28 20:52:59.143 [main] INFO  o.a.c.core.ContainerBase.[Tomcat].[localhost].[/] - Initializing Spring embedded WebApplicationContext
2021-10-28 20:52:59.143 [main] INFO  org.springframework.web.context.ContextLoader - Root WebApplicationContext: initialization completed in 2312 ms
2021-10-28 20:52:59.329 [main] INFO  com.zaxxer.hikari.HikariDataSource - HikariPool-1 - Starting...
2021-10-28 20:52:59.457 [main] INFO  com.zaxxer.hikari.HikariDataSource - HikariPool-1 - Start completed.
2021-10-28 20:52:59.809 [main] INFO  s.d.s.w.PropertySourcedRequestMappingHandlerMapping - Mapped URL path [/v2/api-docs] onto method [springfox.documentation.swagger2.web.Swagger2Controller#getDocumentation(String, HttpServletRequest)]
2021-10-28 20:52:59.890 [main] INFO  o.s.scheduling.concurrent.ThreadPoolTaskExecutor - Initializing ExecutorService 'applicationTaskExecutor'
2021-10-28 20:53:00.290 [main] INFO  s.d.s.web.plugins.DocumentationPluginsBootstrapper - Context refreshed
2021-10-28 20:53:00.305 [main] INFO  s.d.s.web.plugins.DocumentationPluginsBootstrapper - Found 1 custom documentation plugin(s)
2021-10-28 20:53:00.343 [main] INFO  s.d.spring.web.scanners.ApiListingReferenceScanner - Scanning for api listing references
2021-10-28 20:53:00.491 [main] INFO  org.apache.coyote.http11.Http11NioProtocol - Starting ProtocolHandler ["http-nio-8001"]
2021-10-28 20:53:00.510 [main] INFO  o.s.boot.web.embedded.tomcat.TomcatWebServer - Tomcat started on port(s): 8001 (http) with context path ''
2021-10-28 20:53:00.513 [main] INFO  com.graduate.edu.ServiceEduMain - Started ServiceEduMain in 4.24 seconds (JVM running for 5.217)
2021-10-28 20:54:45.146 [http-nio-8001-exec-1] INFO  o.a.c.core.ContainerBase.[Tomcat].[localhost].[/] - Initializing Spring DispatcherServlet 'dispatcherServlet'
2021-10-28 20:54:45.146 [http-nio-8001-exec-1] INFO  org.springframework.web.servlet.DispatcherServlet - Initializing Servlet 'dispatcherServlet'
2021-10-28 20:54:45.155 [http-nio-8001-exec-1] INFO  org.springframework.web.servlet.DispatcherServlet - Completed initialization in 9 ms
2021-10-28 22:07:32.239 [http-nio-8001-exec-8] INFO  com.graduate.edu.controller.LoginController - 登录请求**************
